{"/home/martins/projects/martinsjavacode/finn/src/hooks/useAccount.ts": {"path":"/home/martins/projects/martinsjavacode/finn/src/hooks/useAccount.ts","all":false,"statementMap":{"0":{"start":{"line":1,"column":0},"end":{"line":1,"column":66}},"1":{"start":{"line":2,"column":0},"end":{"line":2,"column":48}},"2":{"start":{"line":3,"column":0},"end":{"line":3,"column":42}},"5":{"start":{"line":6,"column":0},"end":{"line":6,"column":41}},"8":{"start":{"line":9,"column":0},"end":{"line":9,"column":64}},"9":{"start":{"line":10,"column":0},"end":{"line":10,"column":39}},"11":{"start":{"line":12,"column":0},"end":{"line":12,"column":51}},"13":{"start":{"line":14,"column":0},"end":{"line":14,"column":43}},"14":{"start":{"line":15,"column":0},"end":{"line":15,"column":19}},"15":{"start":{"line":16,"column":0},"end":{"line":16,"column":39}},"16":{"start":{"line":17,"column":0},"end":{"line":17,"column":1}},"18":{"start":{"line":19,"column":0},"end":{"line":19,"column":44}},"20":{"start":{"line":21,"column":0},"end":{"line":21,"column":51}},"21":{"start":{"line":22,"column":0},"end":{"line":22,"column":85}},"23":{"start":{"line":24,"column":0},"end":{"line":24,"column":55}},"24":{"start":{"line":25,"column":0},"end":{"line":25,"column":35}},"25":{"start":{"line":26,"column":0},"end":{"line":26,"column":26}},"26":{"start":{"line":27,"column":0},"end":{"line":27,"column":80}},"27":{"start":{"line":28,"column":0},"end":{"line":28,"column":23}},"28":{"start":{"line":29,"column":0},"end":{"line":29,"column":6}},"29":{"start":{"line":30,"column":0},"end":{"line":30,"column":22}},"30":{"start":{"line":31,"column":0},"end":{"line":31,"column":4}},"32":{"start":{"line":33,"column":0},"end":{"line":33,"column":39}},"33":{"start":{"line":34,"column":0},"end":{"line":34,"column":37}},"34":{"start":{"line":35,"column":0},"end":{"line":35,"column":65}},"35":{"start":{"line":36,"column":0},"end":{"line":36,"column":28}},"37":{"start":{"line":38,"column":0},"end":{"line":38,"column":56}},"38":{"start":{"line":39,"column":0},"end":{"line":39,"column":18}},"39":{"start":{"line":40,"column":0},"end":{"line":40,"column":41}},"40":{"start":{"line":41,"column":0},"end":{"line":41,"column":12}},"41":{"start":{"line":42,"column":0},"end":{"line":42,"column":8}},"43":{"start":{"line":44,"column":0},"end":{"line":44,"column":98}},"44":{"start":{"line":45,"column":0},"end":{"line":45,"column":1}}},"s":{"0":1,"1":1,"2":1,"5":1,"8":1,"9":1,"11":1,"13":4,"14":4,"15":4,"16":4,"18":22,"20":1,"21":8,"23":8,"24":8,"25":8,"26":3,"27":3,"28":3,"29":8,"30":8,"32":8,"33":8,"34":8,"35":8,"37":8,"38":1,"39":1,"40":1,"41":8,"43":8,"44":8},"branchMap":{"0":{"type":"branch","line":12,"loc":{"start":{"line":12,"column":0},"end":{"line":12,"column":51}},"locations":[{"start":{"line":12,"column":0},"end":{"line":12,"column":51}}]},"1":{"type":"branch","line":12,"loc":{"start":{"line":12,"column":38},"end":{"line":12,"column":48}},"locations":[{"start":{"line":12,"column":38},"end":{"line":12,"column":48}}]},"2":{"type":"branch","line":14,"loc":{"start":{"line":14,"column":0},"end":{"line":17,"column":1}},"locations":[{"start":{"line":14,"column":0},"end":{"line":17,"column":1}}]},"3":{"type":"branch","line":16,"loc":{"start":{"line":16,"column":9},"end":{"line":16,"column":39}},"locations":[{"start":{"line":16,"column":9},"end":{"line":16,"column":39}}]},"4":{"type":"branch","line":19,"loc":{"start":{"line":19,"column":0},"end":{"line":19,"column":44}},"locations":[{"start":{"line":19,"column":0},"end":{"line":19,"column":44}}]},"5":{"type":"branch","line":21,"loc":{"start":{"line":21,"column":7},"end":{"line":45,"column":1}},"locations":[{"start":{"line":21,"column":7},"end":{"line":45,"column":1}}]},"6":{"type":"branch","line":44,"loc":{"start":{"line":44,"column":53},"end":{"line":44,"column":74}},"locations":[{"start":{"line":44,"column":53},"end":{"line":44,"column":74}}]},"7":{"type":"branch","line":44,"loc":{"start":{"line":44,"column":68},"end":{"line":44,"column":80}},"locations":[{"start":{"line":44,"column":68},"end":{"line":44,"column":80}}]},"8":{"type":"branch","line":26,"loc":{"start":{"line":26,"column":13},"end":{"line":29,"column":6}},"locations":[{"start":{"line":26,"column":13},"end":{"line":29,"column":6}}]},"9":{"type":"branch","line":28,"loc":{"start":{"line":28,"column":13},"end":{"line":28,"column":23}},"locations":[{"start":{"line":28,"column":13},"end":{"line":28,"column":23}}]},"10":{"type":"branch","line":33,"loc":{"start":{"line":33,"column":32},"end":{"line":36,"column":5}},"locations":[{"start":{"line":33,"column":32},"end":{"line":36,"column":5}}]},"11":{"type":"branch","line":34,"loc":{"start":{"line":34,"column":26},"end":{"line":35,"column":54}},"locations":[{"start":{"line":34,"column":26},"end":{"line":35,"column":54}}]},"12":{"type":"branch","line":35,"loc":{"start":{"line":35,"column":49},"end":{"line":35,"column":65}},"locations":[{"start":{"line":35,"column":49},"end":{"line":35,"column":65}}]},"13":{"type":"branch","line":35,"loc":{"start":{"line":35,"column":25},"end":{"line":35,"column":49}},"locations":[{"start":{"line":35,"column":25},"end":{"line":35,"column":49}}]},"14":{"type":"branch","line":38,"loc":{"start":{"line":38,"column":39},"end":{"line":42,"column":5}},"locations":[{"start":{"line":38,"column":39},"end":{"line":42,"column":5}}]}},"b":{"0":[1],"1":[1],"2":[4],"3":[4],"4":[22],"5":[8],"6":[4],"7":[4],"8":[3],"9":[0],"10":[8],"11":[4],"12":[2],"13":[8],"14":[1]},"fnMap":{"0":{"name":"notify","decl":{"start":{"line":12,"column":0},"end":{"line":12,"column":51}},"loc":{"start":{"line":12,"column":0},"end":{"line":12,"column":51}},"line":12},"1":{"name":"subscribeAccount","decl":{"start":{"line":14,"column":0},"end":{"line":17,"column":1}},"loc":{"start":{"line":14,"column":0},"end":{"line":17,"column":1}},"line":14},"2":{"name":"getAccountId","decl":{"start":{"line":19,"column":0},"end":{"line":19,"column":44}},"loc":{"start":{"line":19,"column":0},"end":{"line":19,"column":44}},"line":19},"3":{"name":"useAccount","decl":{"start":{"line":21,"column":7},"end":{"line":45,"column":1}},"loc":{"start":{"line":21,"column":7},"end":{"line":45,"column":1}},"line":21},"4":{"name":"queryFn","decl":{"start":{"line":26,"column":13},"end":{"line":29,"column":6}},"loc":{"start":{"line":26,"column":13},"end":{"line":29,"column":6}},"line":26}},"f":{"0":1,"1":4,"2":22,"3":8,"4":3}}
,"/home/martins/projects/martinsjavacode/finn/src/hooks/useAppData.ts": {"path":"/home/martins/projects/martinsjavacode/finn/src/hooks/useAppData.ts","all":false,"statementMap":{"0":{"start":{"line":1,"column":0},"end":{"line":1,"column":64}},"2":{"start":{"line":3,"column":0},"end":{"line":3,"column":74}},"4":{"start":{"line":5,"column":0},"end":{"line":5,"column":52}},"5":{"start":{"line":6,"column":0},"end":{"line":6,"column":38}},"7":{"start":{"line":8,"column":0},"end":{"line":8,"column":58}},"8":{"start":{"line":9,"column":0},"end":{"line":9,"column":29}},"9":{"start":{"line":10,"column":0},"end":{"line":10,"column":56}},"10":{"start":{"line":11,"column":0},"end":{"line":11,"column":27}},"11":{"start":{"line":12,"column":0},"end":{"line":12,"column":4}},"13":{"start":{"line":14,"column":0},"end":{"line":14,"column":61}},"14":{"start":{"line":15,"column":0},"end":{"line":15,"column":28}},"15":{"start":{"line":16,"column":0},"end":{"line":16,"column":57}},"16":{"start":{"line":17,"column":0},"end":{"line":17,"column":27}},"17":{"start":{"line":18,"column":0},"end":{"line":18,"column":4}},"19":{"start":{"line":20,"column":0},"end":{"line":20,"column":31}},"20":{"start":{"line":21,"column":0},"end":{"line":21,"column":63}},"21":{"start":{"line":22,"column":0},"end":{"line":22,"column":62}},"22":{"start":{"line":23,"column":0},"end":{"line":23,"column":3}},"24":{"start":{"line":25,"column":0},"end":{"line":25,"column":49}},"25":{"start":{"line":26,"column":0},"end":{"line":26,"column":1}}},"s":{"0":1,"2":1,"4":1,"5":3,"7":3,"8":3,"9":3,"10":3,"11":3,"13":3,"14":3,"15":3,"16":3,"17":3,"19":3,"20":0,"21":0,"22":0,"24":3,"25":3},"branchMap":{"0":{"type":"branch","line":5,"loc":{"start":{"line":5,"column":7},"end":{"line":26,"column":1}},"locations":[{"start":{"line":5,"column":7},"end":{"line":26,"column":1}}]},"1":{"type":"branch","line":10,"loc":{"start":{"line":10,"column":13},"end":{"line":10,"column":56}},"locations":[{"start":{"line":10,"column":13},"end":{"line":10,"column":56}}]},"2":{"type":"branch","line":16,"loc":{"start":{"line":16,"column":13},"end":{"line":16,"column":57}},"locations":[{"start":{"line":16,"column":13},"end":{"line":16,"column":57}}]}},"b":{"0":[3],"1":[1],"2":[1]},"fnMap":{"0":{"name":"useAppData","decl":{"start":{"line":5,"column":7},"end":{"line":26,"column":1}},"loc":{"start":{"line":5,"column":7},"end":{"line":26,"column":1}},"line":5},"1":{"name":"queryFn","decl":{"start":{"line":10,"column":13},"end":{"line":10,"column":56}},"loc":{"start":{"line":10,"column":13},"end":{"line":10,"column":56}},"line":10},"2":{"name":"queryFn","decl":{"start":{"line":16,"column":13},"end":{"line":16,"column":57}},"loc":{"start":{"line":16,"column":13},"end":{"line":16,"column":57}},"line":16},"3":{"name":"reloadAppData","decl":{"start":{"line":20,"column":24},"end":{"line":23,"column":3}},"loc":{"start":{"line":20,"column":24},"end":{"line":23,"column":3}},"line":20}},"f":{"0":3,"1":1,"2":1,"3":0}}
,"/home/martins/projects/martinsjavacode/finn/src/hooks/useAuth.ts": {"path":"/home/martins/projects/martinsjavacode/finn/src/hooks/useAuth.ts","all":false,"statementMap":{"0":{"start":{"line":1,"column":0},"end":{"line":1,"column":43}},"2":{"start":{"line":3,"column":0},"end":{"line":3,"column":77}},"3":{"start":{"line":4,"column":0},"end":{"line":4,"column":41}},"4":{"start":{"line":5,"column":0},"end":{"line":5,"column":49}},"6":{"start":{"line":7,"column":0},"end":{"line":7,"column":27}},"7":{"start":{"line":8,"column":0},"end":{"line":8,"column":62}},"8":{"start":{"line":9,"column":0},"end":{"line":9,"column":46}},"9":{"start":{"line":10,"column":0},"end":{"line":10,"column":59}},"10":{"start":{"line":11,"column":0},"end":{"line":11,"column":57}},"11":{"start":{"line":12,"column":0},"end":{"line":12,"column":57}},"13":{"start":{"line":14,"column":0},"end":{"line":14,"column":19}},"14":{"start":{"line":15,"column":0},"end":{"line":15,"column":64}},"15":{"start":{"line":16,"column":0},"end":{"line":16,"column":40}},"16":{"start":{"line":17,"column":0},"end":{"line":17,"column":34}},"17":{"start":{"line":18,"column":0},"end":{"line":18,"column":8}},"19":{"start":{"line":20,"column":0},"end":{"line":20,"column":19}},"20":{"start":{"line":21,"column":0},"end":{"line":21,"column":24}},"21":{"start":{"line":22,"column":0},"end":{"line":22,"column":25}},"22":{"start":{"line":23,"column":0},"end":{"line":23,"column":32}},"23":{"start":{"line":24,"column":0},"end":{"line":24,"column":27}},"24":{"start":{"line":25,"column":0},"end":{"line":25,"column":90}},"25":{"start":{"line":26,"column":0},"end":{"line":26,"column":77}},"26":{"start":{"line":27,"column":0},"end":{"line":27,"column":6}},"27":{"start":{"line":28,"column":0},"end":{"line":28,"column":37}},"28":{"start":{"line":29,"column":0},"end":{"line":29,"column":15}},"30":{"start":{"line":31,"column":0},"end":{"line":31,"column":91}},"31":{"start":{"line":32,"column":0},"end":{"line":32,"column":98}},"33":{"start":{"line":34,"column":0},"end":{"line":34,"column":10}},"34":{"start":{"line":35,"column":0},"end":{"line":35,"column":49}},"35":{"start":{"line":36,"column":0},"end":{"line":36,"column":63}},"36":{"start":{"line":37,"column":0},"end":{"line":37,"column":36}},"37":{"start":{"line":38,"column":0},"end":{"line":38,"column":3}},"38":{"start":{"line":39,"column":0},"end":{"line":39,"column":1}}},"s":{"0":1,"2":1,"3":1,"4":1,"6":1,"7":10,"8":10,"9":10,"10":10,"11":10,"13":10,"14":4,"15":4,"16":4,"17":10,"19":10,"20":7,"21":3,"22":3,"23":3,"24":3,"25":1,"26":3,"27":3,"28":10,"30":10,"31":10,"33":10,"34":10,"35":10,"36":10,"37":10,"38":10},"branchMap":{"0":{"type":"branch","line":7,"loc":{"start":{"line":7,"column":7},"end":{"line":39,"column":1}},"locations":[{"start":{"line":7,"column":7},"end":{"line":39,"column":1}}]},"1":{"type":"branch","line":14,"loc":{"start":{"line":14,"column":12},"end":{"line":18,"column":5}},"locations":[{"start":{"line":14,"column":12},"end":{"line":18,"column":5}}]},"2":{"type":"branch","line":15,"loc":{"start":{"line":15,"column":22},"end":{"line":15,"column":63}},"locations":[{"start":{"line":15,"column":22},"end":{"line":15,"column":63}}]},"3":{"type":"branch","line":17,"loc":{"start":{"line":17,"column":11},"end":{"line":17,"column":34}},"locations":[{"start":{"line":17,"column":11},"end":{"line":17,"column":34}}]},"4":{"type":"branch","line":20,"loc":{"start":{"line":20,"column":12},"end":{"line":29,"column":5}},"locations":[{"start":{"line":20,"column":12},"end":{"line":29,"column":5}}]},"5":{"type":"branch","line":21,"loc":{"start":{"line":21,"column":18},"end":{"line":21,"column":24}},"locations":[{"start":{"line":21,"column":18},"end":{"line":21,"column":24}}]},"6":{"type":"branch","line":21,"loc":{"start":{"line":21,"column":18},"end":{"line":28,"column":37}},"locations":[{"start":{"line":21,"column":18},"end":{"line":28,"column":37}}]},"7":{"type":"branch","line":23,"loc":{"start":{"line":23,"column":26},"end":{"line":27,"column":5}},"locations":[{"start":{"line":23,"column":26},"end":{"line":27,"column":5}}]},"8":{"type":"branch","line":24,"loc":{"start":{"line":24,"column":21},"end":{"line":24,"column":27}},"locations":[{"start":{"line":24,"column":21},"end":{"line":24,"column":27}}]},"9":{"type":"branch","line":25,"loc":{"start":{"line":25,"column":13},"end":{"line":25,"column":90}},"locations":[{"start":{"line":25,"column":13},"end":{"line":25,"column":90}}]},"10":{"type":"branch","line":25,"loc":{"start":{"line":25,"column":89},"end":{"line":26,"column":77}},"locations":[{"start":{"line":25,"column":89},"end":{"line":26,"column":77}}]},"11":{"type":"branch","line":28,"loc":{"start":{"line":28,"column":11},"end":{"line":28,"column":37}},"locations":[{"start":{"line":28,"column":11},"end":{"line":28,"column":37}}]}},"b":{"0":[10],"1":[4],"2":[4],"3":[4],"4":[7],"5":[4],"6":[3],"7":[3],"8":[0],"9":[2],"10":[1],"11":[3]},"fnMap":{"0":{"name":"useAuth","decl":{"start":{"line":7,"column":7},"end":{"line":39,"column":1}},"loc":{"start":{"line":7,"column":7},"end":{"line":39,"column":1}},"line":7}},"f":{"0":10}}
,"/home/martins/projects/martinsjavacode/finn/src/hooks/useMediaQuery.ts": {"path":"/home/martins/projects/martinsjavacode/finn/src/hooks/useMediaQuery.ts","all":false,"statementMap":{"0":{"start":{"line":1,"column":0},"end":{"line":1,"column":44}},"2":{"start":{"line":3,"column":0},"end":{"line":3,"column":35}},"3":{"start":{"line":4,"column":0},"end":{"line":4,"column":30}},"4":{"start":{"line":5,"column":0},"end":{"line":5,"column":40}},"5":{"start":{"line":6,"column":0},"end":{"line":6,"column":38}},"6":{"start":{"line":7,"column":0},"end":{"line":7,"column":54}},"7":{"start":{"line":8,"column":0},"end":{"line":8,"column":3}},"8":{"start":{"line":9,"column":0},"end":{"line":9,"column":1}},"10":{"start":{"line":11,"column":0},"end":{"line":11,"column":37}},"11":{"start":{"line":12,"column":0},"end":{"line":12,"column":47}},"12":{"start":{"line":13,"column":0},"end":{"line":13,"column":1}},"14":{"start":{"line":15,"column":0},"end":{"line":15,"column":30}},"15":{"start":{"line":16,"column":0},"end":{"line":16,"column":14}},"16":{"start":{"line":17,"column":0},"end":{"line":17,"column":1}},"18":{"start":{"line":19,"column":0},"end":{"line":19,"column":55}},"19":{"start":{"line":20,"column":0},"end":{"line":20,"column":86}},"20":{"start":{"line":21,"column":0},"end":{"line":21,"column":1}},"22":{"start":{"line":23,"column":0},"end":{"line":23,"column":40}},"23":{"start":{"line":24,"column":0},"end":{"line":24,"column":45}},"24":{"start":{"line":25,"column":0},"end":{"line":25,"column":1}}},"s":{"0":1,"2":2,"3":2,"4":2,"5":2,"6":2,"7":2,"8":2,"10":2,"11":2,"12":2,"14":0,"15":0,"16":0,"18":1,"19":2,"20":2,"22":1,"23":1,"24":1},"branchMap":{"0":{"type":"branch","line":3,"loc":{"start":{"line":3,"column":0},"end":{"line":9,"column":1}},"locations":[{"start":{"line":3,"column":0},"end":{"line":9,"column":1}}]},"1":{"type":"branch","line":4,"loc":{"start":{"line":4,"column":9},"end":{"line":8,"column":3}},"locations":[{"start":{"line":4,"column":9},"end":{"line":8,"column":3}}]},"2":{"type":"branch","line":7,"loc":{"start":{"line":7,"column":11},"end":{"line":7,"column":54}},"locations":[{"start":{"line":7,"column":11},"end":{"line":7,"column":54}}]},"3":{"type":"branch","line":11,"loc":{"start":{"line":11,"column":0},"end":{"line":13,"column":1}},"locations":[{"start":{"line":11,"column":0},"end":{"line":13,"column":1}}]},"4":{"type":"branch","line":12,"loc":{"start":{"line":12,"column":9},"end":{"line":12,"column":47}},"locations":[{"start":{"line":12,"column":9},"end":{"line":12,"column":47}}]},"5":{"type":"branch","line":19,"loc":{"start":{"line":19,"column":7},"end":{"line":21,"column":1}},"locations":[{"start":{"line":19,"column":7},"end":{"line":21,"column":1}}]},"6":{"type":"branch","line":23,"loc":{"start":{"line":23,"column":7},"end":{"line":25,"column":1}},"locations":[{"start":{"line":23,"column":7},"end":{"line":25,"column":1}}]}},"b":{"0":[2],"1":[2],"2":[2],"3":[2],"4":[6],"5":[2],"6":[1]},"fnMap":{"0":{"name":"subscribe","decl":{"start":{"line":3,"column":0},"end":{"line":9,"column":1}},"loc":{"start":{"line":3,"column":0},"end":{"line":9,"column":1}},"line":3},"1":{"name":"getSnapshot","decl":{"start":{"line":11,"column":0},"end":{"line":13,"column":1}},"loc":{"start":{"line":11,"column":0},"end":{"line":13,"column":1}},"line":11},"2":{"name":"getServerSnapshot","decl":{"start":{"line":15,"column":0},"end":{"line":17,"column":1}},"loc":{"start":{"line":15,"column":0},"end":{"line":17,"column":1}},"line":15},"3":{"name":"useMediaQuery","decl":{"start":{"line":19,"column":7},"end":{"line":21,"column":1}},"loc":{"start":{"line":19,"column":7},"end":{"line":21,"column":1}},"line":19},"4":{"name":"useIsMobile","decl":{"start":{"line":23,"column":7},"end":{"line":25,"column":1}},"loc":{"start":{"line":23,"column":7},"end":{"line":25,"column":1}},"line":23}},"f":{"0":2,"1":2,"2":0,"3":2,"4":1}}
,"/home/martins/projects/martinsjavacode/finn/src/hooks/usePermissions.ts": {"path":"/home/martins/projects/martinsjavacode/finn/src/hooks/usePermissions.ts","all":false,"statementMap":{"0":{"start":{"line":1,"column":0},"end":{"line":1,"column":43}},"1":{"start":{"line":2,"column":0},"end":{"line":2,"column":42}},"5":{"start":{"line":6,"column":0},"end":{"line":6,"column":104}},"6":{"start":{"line":7,"column":0},"end":{"line":7,"column":66}},"7":{"start":{"line":8,"column":0},"end":{"line":8,"column":47}},"9":{"start":{"line":10,"column":0},"end":{"line":10,"column":19}},"10":{"start":{"line":11,"column":0},"end":{"line":11,"column":53}},"11":{"start":{"line":12,"column":0},"end":{"line":12,"column":25}},"13":{"start":{"line":14,"column":0},"end":{"line":14,"column":12}},"14":{"start":{"line":15,"column":0},"end":{"line":15,"column":30}},"15":{"start":{"line":16,"column":0},"end":{"line":16,"column":24}},"16":{"start":{"line":17,"column":0},"end":{"line":17,"column":34}},"17":{"start":{"line":18,"column":0},"end":{"line":18,"column":28}},"18":{"start":{"line":19,"column":0},"end":{"line":19,"column":15}},"19":{"start":{"line":20,"column":0},"end":{"line":20,"column":27}},"20":{"start":{"line":21,"column":0},"end":{"line":21,"column":100}},"21":{"start":{"line":22,"column":0},"end":{"line":22,"column":23}},"22":{"start":{"line":23,"column":0},"end":{"line":23,"column":35}},"23":{"start":{"line":24,"column":0},"end":{"line":24,"column":50}},"24":{"start":{"line":25,"column":0},"end":{"line":25,"column":38}},"25":{"start":{"line":26,"column":0},"end":{"line":26,"column":35}},"26":{"start":{"line":27,"column":0},"end":{"line":27,"column":33}},"27":{"start":{"line":28,"column":0},"end":{"line":28,"column":104}},"28":{"start":{"line":29,"column":0},"end":{"line":29,"column":33}},"29":{"start":{"line":30,"column":0},"end":{"line":30,"column":28}},"30":{"start":{"line":31,"column":0},"end":{"line":31,"column":12}},"31":{"start":{"line":32,"column":0},"end":{"line":32,"column":8}},"33":{"start":{"line":34,"column":0},"end":{"line":34,"column":37}},"34":{"start":{"line":35,"column":0},"end":{"line":35,"column":39}},"36":{"start":{"line":37,"column":0},"end":{"line":37,"column":40}},"38":{"start":{"line":39,"column":0},"end":{"line":39,"column":53}},"39":{"start":{"line":40,"column":0},"end":{"line":40,"column":33}},"40":{"start":{"line":41,"column":0},"end":{"line":41,"column":29}},"41":{"start":{"line":42,"column":0},"end":{"line":42,"column":80}},"42":{"start":{"line":43,"column":0},"end":{"line":43,"column":3}},"44":{"start":{"line":45,"column":0},"end":{"line":45,"column":37}},"45":{"start":{"line":46,"column":0},"end":{"line":46,"column":1}}},"s":{"0":1,"1":1,"5":1,"6":4,"7":4,"9":4,"10":3,"11":1,"13":1,"14":1,"15":1,"16":1,"17":1,"18":1,"19":1,"20":1,"21":1,"22":1,"23":1,"24":1,"25":1,"26":1,"27":1,"28":1,"29":1,"30":1,"31":1,"33":1,"34":4,"36":4,"38":4,"39":5,"40":5,"41":2,"42":5,"44":4,"45":4},"branchMap":{"0":{"type":"branch","line":6,"loc":{"start":{"line":6,"column":7},"end":{"line":46,"column":1}},"locations":[{"start":{"line":6,"column":7},"end":{"line":46,"column":1}}]},"1":{"type":"branch","line":37,"loc":{"start":{"line":37,"column":17},"end":{"line":37,"column":40}},"locations":[{"start":{"line":37,"column":17},"end":{"line":37,"column":40}}]},"2":{"type":"branch","line":10,"loc":{"start":{"line":10,"column":12},"end":{"line":35,"column":5}},"locations":[{"start":{"line":10,"column":12},"end":{"line":35,"column":5}}]},"3":{"type":"branch","line":11,"loc":{"start":{"line":11,"column":8},"end":{"line":11,"column":38}},"locations":[{"start":{"line":11,"column":8},"end":{"line":11,"column":38}}]},"4":{"type":"branch","line":11,"loc":{"start":{"line":11,"column":25},"end":{"line":11,"column":47}},"locations":[{"start":{"line":11,"column":25},"end":{"line":11,"column":47}}]},"5":{"type":"branch","line":11,"loc":{"start":{"line":11,"column":47},"end":{"line":11,"column":53}},"locations":[{"start":{"line":11,"column":47},"end":{"line":11,"column":53}}]},"6":{"type":"branch","line":11,"loc":{"start":{"line":11,"column":47},"end":{"line":34,"column":37}},"locations":[{"start":{"line":11,"column":47},"end":{"line":34,"column":37}}]},"7":{"type":"branch","line":20,"loc":{"start":{"line":20,"column":12},"end":{"line":32,"column":7}},"locations":[{"start":{"line":20,"column":12},"end":{"line":32,"column":7}}]},"8":{"type":"branch","line":21,"loc":{"start":{"line":21,"column":32},"end":{"line":21,"column":100}},"locations":[{"start":{"line":21,"column":32},"end":{"line":21,"column":100}}]},"9":{"type":"branch","line":26,"loc":{"start":{"line":26,"column":16},"end":{"line":31,"column":11}},"locations":[{"start":{"line":26,"column":16},"end":{"line":31,"column":11}}]},"10":{"type":"branch","line":27,"loc":{"start":{"line":27,"column":27},"end":{"line":27,"column":33}},"locations":[{"start":{"line":27,"column":27},"end":{"line":27,"column":33}}]},"11":{"type":"branch","line":28,"loc":{"start":{"line":28,"column":27},"end":{"line":28,"column":37}},"locations":[{"start":{"line":28,"column":27},"end":{"line":28,"column":37}}]},"12":{"type":"branch","line":28,"loc":{"start":{"line":28,"column":41},"end":{"line":28,"column":103}},"locations":[{"start":{"line":28,"column":41},"end":{"line":28,"column":103}}]},"13":{"type":"branch","line":34,"loc":{"start":{"line":34,"column":11},"end":{"line":34,"column":37}},"locations":[{"start":{"line":34,"column":11},"end":{"line":34,"column":37}}]},"14":{"type":"branch","line":39,"loc":{"start":{"line":39,"column":14},"end":{"line":43,"column":3}},"locations":[{"start":{"line":39,"column":14},"end":{"line":43,"column":3}}]},"15":{"type":"branch","line":40,"loc":{"start":{"line":40,"column":22},"end":{"line":40,"column":33}},"locations":[{"start":{"line":40,"column":22},"end":{"line":40,"column":33}}]},"16":{"type":"branch","line":40,"loc":{"start":{"line":40,"column":29},"end":{"line":41,"column":24}},"locations":[{"start":{"line":40,"column":29},"end":{"line":41,"column":24}}]},"17":{"type":"branch","line":41,"loc":{"start":{"line":41,"column":17},"end":{"line":41,"column":29}},"locations":[{"start":{"line":41,"column":17},"end":{"line":41,"column":29}}]},"18":{"type":"branch","line":41,"loc":{"start":{"line":41,"column":24},"end":{"line":42,"column":80}},"locations":[{"start":{"line":41,"column":24},"end":{"line":42,"column":80}}]},"19":{"type":"branch","line":42,"loc":{"start":{"line":42,"column":28},"end":{"line":42,"column":79}},"locations":[{"start":{"line":42,"column":28},"end":{"line":42,"column":79}}]}},"b":{"0":[4],"1":[3],"2":[3],"3":[2],"4":[1],"5":[2],"6":[1],"7":[1],"8":[0],"9":[1],"10":[0],"11":[0],"12":[1],"13":[1],"14":[5],"15":[2],"16":[3],"17":[1],"18":[2],"19":[2]},"fnMap":{"0":{"name":"usePermissions","decl":{"start":{"line":6,"column":7},"end":{"line":46,"column":1}},"loc":{"start":{"line":6,"column":7},"end":{"line":46,"column":1}},"line":6},"1":{"name":"can","decl":{"start":{"line":39,"column":14},"end":{"line":43,"column":3}},"loc":{"start":{"line":39,"column":14},"end":{"line":43,"column":3}},"line":39}},"f":{"0":4,"1":5}}
,"/home/martins/projects/martinsjavacode/finn/src/hooks/useTransactionMutations.ts": {"path":"/home/martins/projects/martinsjavacode/finn/src/hooks/useTransactionMutations.ts","all":false,"statementMap":{"0":{"start":{"line":1,"column":0},"end":{"line":1,"column":67}},"1":{"start":{"line":2,"column":0},"end":{"line":2,"column":42}},"2":{"start":{"line":3,"column":0},"end":{"line":3,"column":139}},"3":{"start":{"line":4,"column":0},"end":{"line":4,"column":47}},"5":{"start":{"line":6,"column":0},"end":{"line":6,"column":64}},"6":{"start":{"line":7,"column":0},"end":{"line":7,"column":38}},"7":{"start":{"line":8,"column":0},"end":{"line":8,"column":15}},"8":{"start":{"line":9,"column":0},"end":{"line":9,"column":1}},"10":{"start":{"line":11,"column":0},"end":{"line":11,"column":56}},"11":{"start":{"line":12,"column":0},"end":{"line":12,"column":38}},"12":{"start":{"line":13,"column":0},"end":{"line":13,"column":28}},"13":{"start":{"line":14,"column":0},"end":{"line":14,"column":72}},"14":{"start":{"line":15,"column":0},"end":{"line":15,"column":71}},"15":{"start":{"line":16,"column":0},"end":{"line":16,"column":59}},"16":{"start":{"line":17,"column":0},"end":{"line":17,"column":3}},"18":{"start":{"line":19,"column":0},"end":{"line":19,"column":38}},"19":{"start":{"line":20,"column":0},"end":{"line":20,"column":115}},"20":{"start":{"line":21,"column":0},"end":{"line":21,"column":66}},"21":{"start":{"line":22,"column":0},"end":{"line":22,"column":33}},"22":{"start":{"line":23,"column":0},"end":{"line":23,"column":4}},"24":{"start":{"line":25,"column":0},"end":{"line":25,"column":37}},"25":{"start":{"line":26,"column":0},"end":{"line":26,"column":113}},"26":{"start":{"line":27,"column":0},"end":{"line":27,"column":66}},"27":{"start":{"line":28,"column":0},"end":{"line":28,"column":33}},"28":{"start":{"line":29,"column":0},"end":{"line":29,"column":4}},"30":{"start":{"line":31,"column":0},"end":{"line":31,"column":39}},"31":{"start":{"line":32,"column":0},"end":{"line":32,"column":151}},"32":{"start":{"line":33,"column":0},"end":{"line":33,"column":34}},"33":{"start":{"line":34,"column":0},"end":{"line":34,"column":33}},"34":{"start":{"line":35,"column":0},"end":{"line":35,"column":4}},"36":{"start":{"line":37,"column":0},"end":{"line":37,"column":41}},"37":{"start":{"line":38,"column":0},"end":{"line":38,"column":80}},"38":{"start":{"line":39,"column":0},"end":{"line":39,"column":34}},"39":{"start":{"line":40,"column":0},"end":{"line":40,"column":33}},"40":{"start":{"line":41,"column":0},"end":{"line":41,"column":4}},"42":{"start":{"line":43,"column":0},"end":{"line":43,"column":40}},"43":{"start":{"line":44,"column":0},"end":{"line":44,"column":80}},"44":{"start":{"line":45,"column":0},"end":{"line":45,"column":34}},"45":{"start":{"line":46,"column":0},"end":{"line":46,"column":33}},"46":{"start":{"line":47,"column":0},"end":{"line":47,"column":4}},"48":{"start":{"line":49,"column":0},"end":{"line":49,"column":34}},"49":{"start":{"line":50,"column":0},"end":{"line":50,"column":123}},"50":{"start":{"line":51,"column":0},"end":{"line":51,"column":34}},"51":{"start":{"line":52,"column":0},"end":{"line":52,"column":33}},"52":{"start":{"line":53,"column":0},"end":{"line":53,"column":4}},"54":{"start":{"line":55,"column":0},"end":{"line":55,"column":41}},"55":{"start":{"line":56,"column":0},"end":{"line":56,"column":119}},"56":{"start":{"line":57,"column":0},"end":{"line":57,"column":34}},"57":{"start":{"line":58,"column":0},"end":{"line":58,"column":33}},"58":{"start":{"line":59,"column":0},"end":{"line":59,"column":4}},"60":{"start":{"line":61,"column":0},"end":{"line":61,"column":127}},"61":{"start":{"line":62,"column":0},"end":{"line":62,"column":1}}},"s":{"0":1,"1":1,"2":1,"3":1,"5":5,"6":5,"7":5,"8":5,"10":1,"11":10,"12":10,"13":5,"14":5,"15":5,"16":5,"18":10,"19":10,"20":10,"21":10,"22":10,"24":10,"25":10,"26":10,"27":10,"28":10,"30":10,"31":10,"32":10,"33":10,"34":10,"36":10,"37":10,"38":10,"39":10,"40":10,"42":10,"43":10,"44":10,"45":10,"46":10,"48":10,"49":10,"50":10,"51":10,"52":10,"54":10,"55":10,"56":10,"57":10,"58":10,"60":10,"61":10},"branchMap":{"0":{"type":"branch","line":6,"loc":{"start":{"line":6,"column":0},"end":{"line":9,"column":1}},"locations":[{"start":{"line":6,"column":0},"end":{"line":9,"column":1}}]},"1":{"type":"branch","line":7,"loc":{"start":{"line":7,"column":20},"end":{"line":7,"column":38}},"locations":[{"start":{"line":7,"column":20},"end":{"line":7,"column":38}}]},"2":{"type":"branch","line":11,"loc":{"start":{"line":11,"column":7},"end":{"line":62,"column":1}},"locations":[{"start":{"line":11,"column":7},"end":{"line":62,"column":1}}]},"3":{"type":"branch","line":13,"loc":{"start":{"line":13,"column":21},"end":{"line":17,"column":3}},"locations":[{"start":{"line":13,"column":21},"end":{"line":17,"column":3}}]},"4":{"type":"branch","line":20,"loc":{"start":{"line":20,"column":16},"end":{"line":20,"column":115}},"locations":[{"start":{"line":20,"column":16},"end":{"line":20,"column":115}}]},"5":{"type":"branch","line":21,"loc":{"start":{"line":21,"column":15},"end":{"line":21,"column":66}},"locations":[{"start":{"line":21,"column":15},"end":{"line":21,"column":66}}]},"6":{"type":"branch","line":26,"loc":{"start":{"line":26,"column":16},"end":{"line":26,"column":113}},"locations":[{"start":{"line":26,"column":16},"end":{"line":26,"column":113}}]},"7":{"type":"branch","line":27,"loc":{"start":{"line":27,"column":15},"end":{"line":27,"column":66}},"locations":[{"start":{"line":27,"column":15},"end":{"line":27,"column":66}}]},"8":{"type":"branch","line":32,"loc":{"start":{"line":32,"column":16},"end":{"line":32,"column":151}},"locations":[{"start":{"line":32,"column":16},"end":{"line":32,"column":151}}]},"9":{"type":"branch","line":33,"loc":{"start":{"line":33,"column":15},"end":{"line":33,"column":34}},"locations":[{"start":{"line":33,"column":15},"end":{"line":33,"column":34}}]},"10":{"type":"branch","line":38,"loc":{"start":{"line":38,"column":16},"end":{"line":38,"column":80}},"locations":[{"start":{"line":38,"column":16},"end":{"line":38,"column":80}}]},"11":{"type":"branch","line":39,"loc":{"start":{"line":39,"column":15},"end":{"line":39,"column":34}},"locations":[{"start":{"line":39,"column":15},"end":{"line":39,"column":34}}]},"12":{"type":"branch","line":50,"loc":{"start":{"line":50,"column":16},"end":{"line":50,"column":123}},"locations":[{"start":{"line":50,"column":16},"end":{"line":50,"column":123}}]},"13":{"type":"branch","line":51,"loc":{"start":{"line":51,"column":15},"end":{"line":51,"column":34}},"locations":[{"start":{"line":51,"column":15},"end":{"line":51,"column":34}}]}},"b":{"0":[5],"1":[0],"2":[10],"3":[5],"4":[1],"5":[1],"6":[1],"7":[1],"8":[1],"9":[1],"10":[1],"11":[1],"12":[1],"13":[1]},"fnMap":{"0":{"name":"throwOnError","decl":{"start":{"line":6,"column":0},"end":{"line":9,"column":1}},"loc":{"start":{"line":6,"column":0},"end":{"line":9,"column":1}},"line":6},"1":{"name":"useTransactionMutations","decl":{"start":{"line":11,"column":7},"end":{"line":62,"column":1}},"loc":{"start":{"line":11,"column":7},"end":{"line":62,"column":1}},"line":11},"2":{"name":"invalidate","decl":{"start":{"line":13,"column":21},"end":{"line":17,"column":3}},"loc":{"start":{"line":13,"column":21},"end":{"line":17,"column":3}},"line":13},"3":{"name":"mutationFn","decl":{"start":{"line":20,"column":16},"end":{"line":20,"column":115}},"loc":{"start":{"line":20,"column":16},"end":{"line":20,"column":115}},"line":20},"4":{"name":"onSuccess","decl":{"start":{"line":21,"column":15},"end":{"line":21,"column":66}},"loc":{"start":{"line":21,"column":15},"end":{"line":21,"column":66}},"line":21},"5":{"name":"onError","decl":{"start":{"line":22,"column":13},"end":{"line":22,"column":33}},"loc":{"start":{"line":22,"column":13},"end":{"line":22,"column":33}},"line":22},"6":{"name":"mutationFn","decl":{"start":{"line":26,"column":16},"end":{"line":26,"column":113}},"loc":{"start":{"line":26,"column":16},"end":{"line":26,"column":113}},"line":26},"7":{"name":"onSuccess","decl":{"start":{"line":27,"column":15},"end":{"line":27,"column":66}},"loc":{"start":{"line":27,"column":15},"end":{"line":27,"column":66}},"line":27},"8":{"name":"onError","decl":{"start":{"line":28,"column":13},"end":{"line":28,"column":33}},"loc":{"start":{"line":28,"column":13},"end":{"line":28,"column":33}},"line":28},"9":{"name":"mutationFn","decl":{"start":{"line":32,"column":16},"end":{"line":32,"column":151}},"loc":{"start":{"line":32,"column":16},"end":{"line":32,"column":151}},"line":32},"10":{"name":"onSuccess","decl":{"start":{"line":33,"column":15},"end":{"line":33,"column":34}},"loc":{"start":{"line":33,"column":15},"end":{"line":33,"column":34}},"line":33},"11":{"name":"onError","decl":{"start":{"line":34,"column":13},"end":{"line":34,"column":33}},"loc":{"start":{"line":34,"column":13},"end":{"line":34,"column":33}},"line":34},"12":{"name":"mutationFn","decl":{"start":{"line":38,"column":16},"end":{"line":38,"column":80}},"loc":{"start":{"line":38,"column":16},"end":{"line":38,"column":80}},"line":38},"13":{"name":"onSuccess","decl":{"start":{"line":39,"column":15},"end":{"line":39,"column":34}},"loc":{"start":{"line":39,"column":15},"end":{"line":39,"column":34}},"line":39},"14":{"name":"onError","decl":{"start":{"line":40,"column":13},"end":{"line":40,"column":33}},"loc":{"start":{"line":40,"column":13},"end":{"line":40,"column":33}},"line":40},"15":{"name":"mutationFn","decl":{"start":{"line":44,"column":16},"end":{"line":44,"column":80}},"loc":{"start":{"line":44,"column":16},"end":{"line":44,"column":80}},"line":44},"16":{"name":"onSuccess","decl":{"start":{"line":45,"column":15},"end":{"line":45,"column":34}},"loc":{"start":{"line":45,"column":15},"end":{"line":45,"column":34}},"line":45},"17":{"name":"onError","decl":{"start":{"line":46,"column":13},"end":{"line":46,"column":33}},"loc":{"start":{"line":46,"column":13},"end":{"line":46,"column":33}},"line":46},"18":{"name":"mutationFn","decl":{"start":{"line":50,"column":16},"end":{"line":50,"column":123}},"loc":{"start":{"line":50,"column":16},"end":{"line":50,"column":123}},"line":50},"19":{"name":"onSuccess","decl":{"start":{"line":51,"column":15},"end":{"line":51,"column":34}},"loc":{"start":{"line":51,"column":15},"end":{"line":51,"column":34}},"line":51},"20":{"name":"onError","decl":{"start":{"line":52,"column":13},"end":{"line":52,"column":33}},"loc":{"start":{"line":52,"column":13},"end":{"line":52,"column":33}},"line":52},"21":{"name":"mutationFn","decl":{"start":{"line":56,"column":16},"end":{"line":56,"column":119}},"loc":{"start":{"line":56,"column":16},"end":{"line":56,"column":119}},"line":56},"22":{"name":"onSuccess","decl":{"start":{"line":57,"column":15},"end":{"line":57,"column":34}},"loc":{"start":{"line":57,"column":15},"end":{"line":57,"column":34}},"line":57},"23":{"name":"onError","decl":{"start":{"line":58,"column":13},"end":{"line":58,"column":33}},"loc":{"start":{"line":58,"column":13},"end":{"line":58,"column":33}},"line":58}},"f":{"0":5,"1":10,"2":5,"3":1,"4":1,"5":0,"6":1,"7":1,"8":0,"9":1,"10":1,"11":0,"12":1,"13":1,"14":0,"15":0,"16":0,"17":0,"18":1,"19":1,"20":0,"21":0,"22":0,"23":0}}
,"/home/martins/projects/martinsjavacode/finn/src/hooks/useTransactions.ts": {"path":"/home/martins/projects/martinsjavacode/finn/src/hooks/useTransactions.ts","all":false,"statementMap":{"0":{"start":{"line":1,"column":0},"end":{"line":1,"column":32}},"1":{"start":{"line":2,"column":0},"end":{"line":2,"column":64}},"3":{"start":{"line":4,"column":0},"end":{"line":4,"column":100}},"4":{"start":{"line":5,"column":0},"end":{"line":5,"column":50}},"6":{"start":{"line":7,"column":0},"end":{"line":7,"column":33}},"7":{"start":{"line":8,"column":0},"end":{"line":8,"column":71}},"8":{"start":{"line":9,"column":0},"end":{"line":9,"column":105}},"9":{"start":{"line":10,"column":0},"end":{"line":10,"column":103}},"10":{"start":{"line":11,"column":0},"end":{"line":11,"column":1}},"12":{"start":{"line":13,"column":0},"end":{"line":13,"column":130}},"13":{"start":{"line":14,"column":0},"end":{"line":14,"column":89}},"14":{"start":{"line":15,"column":0},"end":{"line":15,"column":102}},"15":{"start":{"line":16,"column":0},"end":{"line":16,"column":101}},"16":{"start":{"line":17,"column":0},"end":{"line":17,"column":1}},"18":{"start":{"line":19,"column":0},"end":{"line":19,"column":84}},"19":{"start":{"line":20,"column":0},"end":{"line":20,"column":54}},"20":{"start":{"line":21,"column":0},"end":{"line":21,"column":38}},"22":{"start":{"line":23,"column":0},"end":{"line":23,"column":52}},"23":{"start":{"line":24,"column":0},"end":{"line":24,"column":57}},"24":{"start":{"line":25,"column":0},"end":{"line":25,"column":52}},"25":{"start":{"line":26,"column":0},"end":{"line":26,"column":42}},"26":{"start":{"line":27,"column":0},"end":{"line":27,"column":4}},"28":{"start":{"line":29,"column":0},"end":{"line":29,"column":63}},"29":{"start":{"line":30,"column":0},"end":{"line":30,"column":70}},"30":{"start":{"line":31,"column":0},"end":{"line":31,"column":26}},"31":{"start":{"line":32,"column":0},"end":{"line":32,"column":72}},"32":{"start":{"line":33,"column":0},"end":{"line":33,"column":28}},"33":{"start":{"line":34,"column":0},"end":{"line":34,"column":17}},"34":{"start":{"line":35,"column":0},"end":{"line":35,"column":6}},"35":{"start":{"line":36,"column":0},"end":{"line":36,"column":53}},"36":{"start":{"line":37,"column":0},"end":{"line":37,"column":4}},"38":{"start":{"line":39,"column":0},"end":{"line":39,"column":55}},"39":{"start":{"line":40,"column":0},"end":{"line":40,"column":69}},"40":{"start":{"line":41,"column":0},"end":{"line":41,"column":26}},"41":{"start":{"line":42,"column":0},"end":{"line":42,"column":71}},"42":{"start":{"line":43,"column":0},"end":{"line":43,"column":28}},"43":{"start":{"line":44,"column":0},"end":{"line":44,"column":17}},"44":{"start":{"line":45,"column":0},"end":{"line":45,"column":6}},"45":{"start":{"line":46,"column":0},"end":{"line":46,"column":53}},"46":{"start":{"line":47,"column":0},"end":{"line":47,"column":4}},"48":{"start":{"line":49,"column":0},"end":{"line":49,"column":76}},"50":{"start":{"line":51,"column":0},"end":{"line":51,"column":71}},"51":{"start":{"line":52,"column":0},"end":{"line":52,"column":108}},"52":{"start":{"line":53,"column":0},"end":{"line":53,"column":64}},"53":{"start":{"line":54,"column":0},"end":{"line":54,"column":5}},"55":{"start":{"line":56,"column":0},"end":{"line":56,"column":43}},"56":{"start":{"line":57,"column":0},"end":{"line":57,"column":108}},"57":{"start":{"line":58,"column":0},"end":{"line":58,"column":43}},"58":{"start":{"line":59,"column":0},"end":{"line":59,"column":5}},"60":{"start":{"line":61,"column":0},"end":{"line":61,"column":36}},"61":{"start":{"line":62,"column":0},"end":{"line":62,"column":106}},"62":{"start":{"line":63,"column":0},"end":{"line":63,"column":43}},"63":{"start":{"line":64,"column":0},"end":{"line":64,"column":5}},"65":{"start":{"line":66,"column":0},"end":{"line":66,"column":10}},"66":{"start":{"line":67,"column":0},"end":{"line":67,"column":28}},"67":{"start":{"line":68,"column":0},"end":{"line":68,"column":24}},"68":{"start":{"line":69,"column":0},"end":{"line":69,"column":61}},"69":{"start":{"line":70,"column":0},"end":{"line":70,"column":3}},"70":{"start":{"line":71,"column":0},"end":{"line":71,"column":1}}},"s":{"0":1,"1":1,"3":1,"4":1,"6":1,"7":1,"8":1,"9":1,"10":1,"12":1,"13":0,"14":0,"15":0,"16":0,"18":1,"19":9,"20":9,"22":9,"23":9,"24":9,"25":9,"26":9,"28":9,"29":9,"30":9,"31":3,"32":3,"33":3,"34":3,"35":9,"36":9,"38":9,"39":9,"40":9,"41":3,"42":3,"43":3,"44":3,"45":9,"46":9,"48":9,"50":9,"51":1,"52":1,"53":1,"55":9,"56":1,"57":1,"58":1,"60":9,"61":0,"62":0,"63":0,"65":9,"66":9,"67":9,"68":9,"69":9,"70":9},"branchMap":{"0":{"type":"branch","line":8,"loc":{"start":{"line":8,"column":10},"end":{"line":8,"column":71}},"locations":[{"start":{"line":8,"column":10},"end":{"line":8,"column":71}}]},"1":{"type":"branch","line":9,"loc":{"start":{"line":9,"column":16},"end":{"line":9,"column":105}},"locations":[{"start":{"line":9,"column":16},"end":{"line":9,"column":105}}]},"2":{"type":"branch","line":10,"loc":{"start":{"line":10,"column":15},"end":{"line":10,"column":103}},"locations":[{"start":{"line":10,"column":15},"end":{"line":10,"column":103}}]},"3":{"type":"branch","line":19,"loc":{"start":{"line":19,"column":7},"end":{"line":71,"column":1}},"locations":[{"start":{"line":19,"column":7},"end":{"line":71,"column":1}}]},"4":{"type":"branch","line":24,"loc":{"start":{"line":24,"column":38},"end":{"line":24,"column":55}},"locations":[{"start":{"line":24,"column":38},"end":{"line":24,"column":55}}]},"5":{"type":"branch","line":26,"loc":{"start":{"line":26,"column":13},"end":{"line":26,"column":42}},"locations":[{"start":{"line":26,"column":13},"end":{"line":26,"column":42}}]},"6":{"type":"branch","line":30,"loc":{"start":{"line":30,"column":51},"end":{"line":30,"column":68}},"locations":[{"start":{"line":30,"column":51},"end":{"line":30,"column":68}}]},"7":{"type":"branch","line":36,"loc":{"start":{"line":36,"column":13},"end":{"line":36,"column":41}},"locations":[{"start":{"line":36,"column":13},"end":{"line":36,"column":41}}]},"8":{"type":"branch","line":36,"loc":{"start":{"line":36,"column":32},"end":{"line":36,"column":53}},"locations":[{"start":{"line":36,"column":32},"end":{"line":36,"column":53}}]},"9":{"type":"branch","line":40,"loc":{"start":{"line":40,"column":50},"end":{"line":40,"column":67}},"locations":[{"start":{"line":40,"column":50},"end":{"line":40,"column":67}}]},"10":{"type":"branch","line":46,"loc":{"start":{"line":46,"column":13},"end":{"line":46,"column":41}},"locations":[{"start":{"line":46,"column":13},"end":{"line":46,"column":41}}]},"11":{"type":"branch","line":46,"loc":{"start":{"line":46,"column":32},"end":{"line":46,"column":53}},"locations":[{"start":{"line":46,"column":32},"end":{"line":46,"column":53}}]},"12":{"type":"branch","line":25,"loc":{"start":{"line":25,"column":13},"end":{"line":25,"column":52}},"locations":[{"start":{"line":25,"column":13},"end":{"line":25,"column":52}}]},"13":{"type":"branch","line":31,"loc":{"start":{"line":31,"column":13},"end":{"line":35,"column":6}},"locations":[{"start":{"line":31,"column":13},"end":{"line":35,"column":6}}]},"14":{"type":"branch","line":33,"loc":{"start":{"line":33,"column":17},"end":{"line":33,"column":28}},"locations":[{"start":{"line":33,"column":17},"end":{"line":33,"column":28}}]},"15":{"type":"branch","line":41,"loc":{"start":{"line":41,"column":13},"end":{"line":45,"column":6}},"locations":[{"start":{"line":41,"column":13},"end":{"line":45,"column":6}}]},"16":{"type":"branch","line":43,"loc":{"start":{"line":43,"column":17},"end":{"line":43,"column":28}},"locations":[{"start":{"line":43,"column":17},"end":{"line":43,"column":28}}]},"17":{"type":"branch","line":51,"loc":{"start":{"line":51,"column":28},"end":{"line":54,"column":5}},"locations":[{"start":{"line":51,"column":28},"end":{"line":54,"column":5}}]},"18":{"type":"branch","line":52,"loc":{"start":{"line":52,"column":81},"end":{"line":52,"column":98}},"locations":[{"start":{"line":52,"column":81},"end":{"line":52,"column":98}}]},"19":{"type":"branch","line":52,"loc":{"start":{"line":52,"column":101},"end":{"line":53,"column":64}},"locations":[{"start":{"line":52,"column":101},"end":{"line":53,"column":64}}]},"20":{"type":"branch","line":53,"loc":{"start":{"line":53,"column":7},"end":{"line":53,"column":19}},"locations":[{"start":{"line":53,"column":7},"end":{"line":53,"column":19}}]},"21":{"type":"branch","line":53,"loc":{"start":{"line":53,"column":23},"end":{"line":53,"column":63}},"locations":[{"start":{"line":53,"column":23},"end":{"line":53,"column":63}}]},"22":{"type":"branch","line":53,"loc":{"start":{"line":53,"column":58},"end":{"line":53,"column":63}},"locations":[{"start":{"line":53,"column":58},"end":{"line":53,"column":63}}]},"23":{"type":"branch","line":56,"loc":{"start":{"line":56,"column":28},"end":{"line":59,"column":5}},"locations":[{"start":{"line":56,"column":28},"end":{"line":59,"column":5}}]},"24":{"type":"branch","line":57,"loc":{"start":{"line":57,"column":81},"end":{"line":57,"column":98}},"locations":[{"start":{"line":57,"column":81},"end":{"line":57,"column":98}}]},"25":{"type":"branch","line":57,"loc":{"start":{"line":57,"column":101},"end":{"line":58,"column":43}},"locations":[{"start":{"line":57,"column":101},"end":{"line":58,"column":43}}]},"26":{"type":"branch","line":58,"loc":{"start":{"line":58,"column":7},"end":{"line":58,"column":19}},"locations":[{"start":{"line":58,"column":7},"end":{"line":58,"column":19}}]},"27":{"type":"branch","line":58,"loc":{"start":{"line":58,"column":26},"end":{"line":58,"column":42}},"locations":[{"start":{"line":58,"column":26},"end":{"line":58,"column":42}}]}},"b":{"0":[9],"1":[11],"2":[9],"3":[9],"4":[1],"5":[8],"6":[1],"7":[8],"8":[8],"9":[1],"10":[8],"11":[8],"12":[3],"13":[3],"14":[0],"15":[3],"16":[0],"17":[1],"18":[0],"19":[1],"20":[0],"21":[1],"22":[0],"23":[1],"24":[0],"25":[1],"26":[0],"27":[1]},"fnMap":{"0":{"name":"months","decl":{"start":{"line":8,"column":10},"end":{"line":8,"column":71}},"loc":{"start":{"line":8,"column":10},"end":{"line":8,"column":71}},"line":8},"1":{"name":"transactions","decl":{"start":{"line":9,"column":16},"end":{"line":9,"column":105}},"loc":{"start":{"line":9,"column":16},"end":{"line":9,"column":105}},"line":9},"2":{"name":"creditCards","decl":{"start":{"line":10,"column":15},"end":{"line":10,"column":103}},"loc":{"start":{"line":10,"column":15},"end":{"line":10,"column":103}},"line":10},"3":{"name":"invalidateTransactions","decl":{"start":{"line":13,"column":7},"end":{"line":17,"column":1}},"loc":{"start":{"line":13,"column":7},"end":{"line":17,"column":1}},"line":13},"4":{"name":"useTransactions","decl":{"start":{"line":19,"column":7},"end":{"line":71,"column":1}},"loc":{"start":{"line":19,"column":7},"end":{"line":71,"column":1}},"line":19},"5":{"name":"queryFn","decl":{"start":{"line":25,"column":13},"end":{"line":25,"column":52}},"loc":{"start":{"line":25,"column":13},"end":{"line":25,"column":52}},"line":25},"6":{"name":"queryFn","decl":{"start":{"line":31,"column":13},"end":{"line":35,"column":6}},"loc":{"start":{"line":31,"column":13},"end":{"line":35,"column":6}},"line":31},"7":{"name":"queryFn","decl":{"start":{"line":41,"column":13},"end":{"line":45,"column":6}},"loc":{"start":{"line":41,"column":13},"end":{"line":45,"column":6}},"line":41},"8":{"name":"reload","decl":{"start":{"line":49,"column":17},"end":{"line":49,"column":76}},"loc":{"start":{"line":49,"column":17},"end":{"line":49,"column":76}},"line":49},"9":{"name":"updateTransaction","decl":{"start":{"line":51,"column":28},"end":{"line":54,"column":5}},"loc":{"start":{"line":51,"column":28},"end":{"line":54,"column":5}},"line":51},"10":{"name":"removeTransaction","decl":{"start":{"line":56,"column":28},"end":{"line":59,"column":5}},"loc":{"start":{"line":56,"column":28},"end":{"line":59,"column":5}},"line":56},"11":{"name":"removeCard","decl":{"start":{"line":61,"column":21},"end":{"line":64,"column":5}},"loc":{"start":{"line":61,"column":21},"end":{"line":64,"column":5}},"line":61}},"f":{"0":9,"1":11,"2":9,"3":0,"4":9,"5":3,"6":3,"7":3,"8":0,"9":1,"10":1,"11":0}}
,"/home/martins/projects/martinsjavacode/finn/src/lib/confirm.ts": {"path":"/home/martins/projects/martinsjavacode/finn/src/lib/confirm.ts","all":false,"statementMap":{"5":{"start":{"line":6,"column":0},"end":{"line":6,"column":62}},"7":{"start":{"line":8,"column":0},"end":{"line":8,"column":60}},"8":{"start":{"line":9,"column":0},"end":{"line":9,"column":33}},"9":{"start":{"line":10,"column":0},"end":{"line":10,"column":39}},"10":{"start":{"line":11,"column":0},"end":{"line":11,"column":4}},"11":{"start":{"line":12,"column":0},"end":{"line":12,"column":1}},"13":{"start":{"line":14,"column":0},"end":{"line":14,"column":69}},"14":{"start":{"line":15,"column":0},"end":{"line":15,"column":18}},"15":{"start":{"line":16,"column":0},"end":{"line":16,"column":37}},"16":{"start":{"line":17,"column":0},"end":{"line":17,"column":1}}},"s":{"5":1,"7":1,"8":1,"9":1,"10":1,"11":1,"13":1,"14":0,"15":0,"16":0},"branchMap":{"0":{"type":"branch","line":8,"loc":{"start":{"line":8,"column":7},"end":{"line":12,"column":1}},"locations":[{"start":{"line":8,"column":7},"end":{"line":12,"column":1}}]},"1":{"type":"branch","line":9,"loc":{"start":{"line":9,"column":21},"end":{"line":11,"column":3}},"locations":[{"start":{"line":9,"column":21},"end":{"line":11,"column":3}}]},"2":{"type":"branch","line":10,"loc":{"start":{"line":10,"column":4},"end":{"line":10,"column":39}},"locations":[{"start":{"line":10,"column":4},"end":{"line":10,"column":39}}]}},"b":{"0":[1],"1":[1],"2":[0]},"fnMap":{"0":{"name":"confirm","decl":{"start":{"line":8,"column":7},"end":{"line":12,"column":1}},"loc":{"start":{"line":8,"column":7},"end":{"line":12,"column":1}},"line":8},"1":{"name":"subscribeConfirm","decl":{"start":{"line":14,"column":7},"end":{"line":17,"column":1}},"loc":{"start":{"line":14,"column":7},"end":{"line":17,"column":1}},"line":14}},"f":{"0":1,"1":0}}
,"/home/martins/projects/martinsjavacode/finn/src/lib/syncQueue.ts": {"path":"/home/martins/projects/martinsjavacode/finn/src/lib/syncQueue.ts","all":false,"statementMap":{"9":{"start":{"line":10,"column":0},"end":{"line":10,"column":35}},"11":{"start":{"line":12,"column":0},"end":{"line":12,"column":39}},"12":{"start":{"line":13,"column":0},"end":{"line":13,"column":7}},"13":{"start":{"line":14,"column":0},"end":{"line":14,"column":62}},"14":{"start":{"line":15,"column":0},"end":{"line":15,"column":23}},"15":{"start":{"line":16,"column":0},"end":{"line":16,"column":1}},"17":{"start":{"line":18,"column":0},"end":{"line":18,"column":45}},"18":{"start":{"line":19,"column":0},"end":{"line":19,"column":56}},"19":{"start":{"line":20,"column":0},"end":{"line":20,"column":1}},"21":{"start":{"line":22,"column":0},"end":{"line":22,"column":77}},"22":{"start":{"line":23,"column":0},"end":{"line":23,"column":26}},"23":{"start":{"line":24,"column":0},"end":{"line":24,"column":77}},"24":{"start":{"line":25,"column":0},"end":{"line":25,"column":18}},"25":{"start":{"line":26,"column":0},"end":{"line":26,"column":1}},"27":{"start":{"line":28,"column":0},"end":{"line":28,"column":37}},"28":{"start":{"line":29,"column":0},"end":{"line":29,"column":48}},"29":{"start":{"line":30,"column":0},"end":{"line":30,"column":1}},"31":{"start":{"line":32,"column":0},"end":{"line":32,"column":45}},"32":{"start":{"line":33,"column":0},"end":{"line":33,"column":19}},"33":{"start":{"line":34,"column":0},"end":{"line":34,"column":1}},"35":{"start":{"line":36,"column":0},"end":{"line":36,"column":30}},"36":{"start":{"line":37,"column":0},"end":{"line":37,"column":36}},"37":{"start":{"line":38,"column":0},"end":{"line":38,"column":1}},"39":{"start":{"line":40,"column":0},"end":{"line":40,"column":39}},"40":{"start":{"line":41,"column":0},"end":{"line":41,"column":30}},"41":{"start":{"line":42,"column":0},"end":{"line":42,"column":1}}},"s":{"9":1,"11":16,"12":16,"13":16,"14":16,"15":16,"17":7,"18":7,"19":7,"21":1,"22":6,"23":6,"24":6,"25":6,"27":1,"28":1,"29":1,"31":1,"32":6,"33":6,"35":1,"36":1,"37":1,"39":1,"40":3,"41":3},"branchMap":{"0":{"type":"branch","line":12,"loc":{"start":{"line":12,"column":0},"end":{"line":16,"column":1}},"locations":[{"start":{"line":12,"column":0},"end":{"line":16,"column":1}}]},"1":{"type":"branch","line":14,"loc":{"start":{"line":14,"column":52},"end":{"line":14,"column":61}},"locations":[{"start":{"line":14,"column":52},"end":{"line":14,"column":61}}]},"2":{"type":"branch","line":15,"loc":{"start":{"line":15,"column":2},"end":{"line":15,"column":23}},"locations":[{"start":{"line":15,"column":2},"end":{"line":15,"column":23}}]},"3":{"type":"branch","line":18,"loc":{"start":{"line":18,"column":0},"end":{"line":20,"column":1}},"locations":[{"start":{"line":18,"column":0},"end":{"line":20,"column":1}}]},"4":{"type":"branch","line":22,"loc":{"start":{"line":22,"column":7},"end":{"line":26,"column":1}},"locations":[{"start":{"line":22,"column":7},"end":{"line":26,"column":1}}]},"5":{"type":"branch","line":28,"loc":{"start":{"line":28,"column":7},"end":{"line":30,"column":1}},"locations":[{"start":{"line":28,"column":7},"end":{"line":30,"column":1}}]},"6":{"type":"branch","line":29,"loc":{"start":{"line":29,"column":30},"end":{"line":29,"column":46}},"locations":[{"start":{"line":29,"column":30},"end":{"line":29,"column":46}}]},"7":{"type":"branch","line":32,"loc":{"start":{"line":32,"column":7},"end":{"line":34,"column":1}},"locations":[{"start":{"line":32,"column":7},"end":{"line":34,"column":1}}]},"8":{"type":"branch","line":36,"loc":{"start":{"line":36,"column":7},"end":{"line":38,"column":1}},"locations":[{"start":{"line":36,"column":7},"end":{"line":38,"column":1}}]},"9":{"type":"branch","line":40,"loc":{"start":{"line":40,"column":7},"end":{"line":42,"column":1}},"locations":[{"start":{"line":40,"column":7},"end":{"line":42,"column":1}}]}},"b":{"0":[16],"1":[8],"2":[0],"3":[7],"4":[6],"5":[1],"6":[2],"7":[6],"8":[1],"9":[3]},"fnMap":{"0":{"name":"getQueue","decl":{"start":{"line":12,"column":0},"end":{"line":16,"column":1}},"loc":{"start":{"line":12,"column":0},"end":{"line":16,"column":1}},"line":12},"1":{"name":"saveQueue","decl":{"start":{"line":18,"column":0},"end":{"line":20,"column":1}},"loc":{"start":{"line":18,"column":0},"end":{"line":20,"column":1}},"line":18},"2":{"name":"enqueue","decl":{"start":{"line":22,"column":7},"end":{"line":26,"column":1}},"loc":{"start":{"line":22,"column":7},"end":{"line":26,"column":1}},"line":22},"3":{"name":"dequeue","decl":{"start":{"line":28,"column":7},"end":{"line":30,"column":1}},"loc":{"start":{"line":28,"column":7},"end":{"line":30,"column":1}},"line":28},"4":{"name":"peekAll","decl":{"start":{"line":32,"column":7},"end":{"line":34,"column":1}},"loc":{"start":{"line":32,"column":7},"end":{"line":34,"column":1}},"line":32},"5":{"name":"clearQueue","decl":{"start":{"line":36,"column":7},"end":{"line":38,"column":1}},"loc":{"start":{"line":36,"column":7},"end":{"line":38,"column":1}},"line":36},"6":{"name":"hasPending","decl":{"start":{"line":40,"column":7},"end":{"line":42,"column":1}},"loc":{"start":{"line":40,"column":7},"end":{"line":42,"column":1}},"line":40}},"f":{"0":16,"1":7,"2":6,"3":1,"4":6,"5":1,"6":3}}
,"/home/martins/projects/martinsjavacode/finn/src/lib/toast.ts": {"path":"/home/martins/projects/martinsjavacode/finn/src/lib/toast.ts","all":false,"statementMap":{"6":{"start":{"line":7,"column":0},"end":{"line":7,"column":15}},"7":{"start":{"line":8,"column":0},"end":{"line":8,"column":57}},"9":{"start":{"line":10,"column":0},"end":{"line":10,"column":76}},"10":{"start":{"line":11,"column":0},"end":{"line":11,"column":43}},"11":{"start":{"line":12,"column":0},"end":{"line":12,"column":1}},"13":{"start":{"line":14,"column":0},"end":{"line":14,"column":92}},"14":{"start":{"line":15,"column":0},"end":{"line":15,"column":54}},"15":{"start":{"line":16,"column":0},"end":{"line":16,"column":1}},"17":{"start":{"line":18,"column":0},"end":{"line":18,"column":60}},"18":{"start":{"line":19,"column":0},"end":{"line":19,"column":15}},"19":{"start":{"line":20,"column":0},"end":{"line":20,"column":34}},"20":{"start":{"line":21,"column":0},"end":{"line":21,"column":1}}},"s":{"6":1,"7":1,"9":1,"10":3,"11":3,"13":1,"14":1,"15":1,"17":1,"18":3,"19":3,"20":3},"branchMap":{"0":{"type":"branch","line":10,"loc":{"start":{"line":10,"column":7},"end":{"line":12,"column":1}},"locations":[{"start":{"line":10,"column":7},"end":{"line":12,"column":1}}]},"1":{"type":"branch","line":11,"loc":{"start":{"line":11,"column":2},"end":{"line":11,"column":43}},"locations":[{"start":{"line":11,"column":2},"end":{"line":11,"column":43}}]},"2":{"type":"branch","line":14,"loc":{"start":{"line":14,"column":7},"end":{"line":16,"column":1}},"locations":[{"start":{"line":14,"column":7},"end":{"line":16,"column":1}}]},"3":{"type":"branch","line":15,"loc":{"start":{"line":15,"column":25},"end":{"line":15,"column":46}},"locations":[{"start":{"line":15,"column":25},"end":{"line":15,"column":46}}]},"4":{"type":"branch","line":18,"loc":{"start":{"line":18,"column":7},"end":{"line":21,"column":1}},"locations":[{"start":{"line":18,"column":7},"end":{"line":21,"column":1}}]},"5":{"type":"branch","line":20,"loc":{"start":{"line":20,"column":9},"end":{"line":20,"column":34}},"locations":[{"start":{"line":20,"column":9},"end":{"line":20,"column":34}}]}},"b":{"0":[3],"1":[2],"2":[1],"3":[0],"4":[3],"5":[3]},"fnMap":{"0":{"name":"toast","decl":{"start":{"line":10,"column":7},"end":{"line":12,"column":1}},"loc":{"start":{"line":10,"column":7},"end":{"line":12,"column":1}},"line":10},"1":{"name":"showError","decl":{"start":{"line":14,"column":7},"end":{"line":16,"column":1}},"loc":{"start":{"line":14,"column":7},"end":{"line":16,"column":1}},"line":14},"2":{"name":"subscribe","decl":{"start":{"line":18,"column":7},"end":{"line":21,"column":1}},"loc":{"start":{"line":18,"column":7},"end":{"line":21,"column":1}},"line":18}},"f":{"0":3,"1":1,"2":3}}
,"/home/martins/projects/martinsjavacode/finn/src/services/auth.ts": {"path":"/home/martins/projects/martinsjavacode/finn/src/services/auth.ts","all":false,"statementMap":{"0":{"start":{"line":1,"column":0},"end":{"line":1,"column":42}},"3":{"start":{"line":4,"column":0},"end":{"line":4,"column":69}},"4":{"start":{"line":5,"column":0},"end":{"line":5,"column":86}},"5":{"start":{"line":6,"column":0},"end":{"line":6,"column":21}},"6":{"start":{"line":7,"column":0},"end":{"line":7,"column":1}},"8":{"start":{"line":9,"column":0},"end":{"line":9,"column":36}},"9":{"start":{"line":10,"column":0},"end":{"line":10,"column":51}},"10":{"start":{"line":11,"column":0},"end":{"line":11,"column":21}},"11":{"start":{"line":12,"column":0},"end":{"line":12,"column":1}},"13":{"start":{"line":14,"column":0},"end":{"line":14,"column":33}},"14":{"start":{"line":15,"column":0},"end":{"line":15,"column":31}},"15":{"start":{"line":16,"column":0},"end":{"line":16,"column":1}},"17":{"start":{"line":18,"column":0},"end":{"line":18,"column":105}},"18":{"start":{"line":19,"column":0},"end":{"line":19,"column":40}},"19":{"start":{"line":20,"column":0},"end":{"line":20,"column":33}},"20":{"start":{"line":21,"column":0},"end":{"line":21,"column":18}},"21":{"start":{"line":22,"column":0},"end":{"line":22,"column":43}},"22":{"start":{"line":23,"column":0},"end":{"line":23,"column":23}},"23":{"start":{"line":24,"column":0},"end":{"line":24,"column":13}},"24":{"start":{"line":25,"column":0},"end":{"line":25,"column":24}},"25":{"start":{"line":26,"column":0},"end":{"line":26,"column":42}},"26":{"start":{"line":27,"column":0},"end":{"line":27,"column":59}},"27":{"start":{"line":28,"column":0},"end":{"line":28,"column":1}},"29":{"start":{"line":30,"column":0},"end":{"line":30,"column":51}},"30":{"start":{"line":31,"column":0},"end":{"line":31,"column":7}},"31":{"start":{"line":32,"column":0},"end":{"line":32,"column":79}},"32":{"start":{"line":33,"column":0},"end":{"line":33,"column":32}},"33":{"start":{"line":34,"column":0},"end":{"line":34,"column":1}}},"s":{"0":1,"3":1,"4":1,"5":1,"6":1,"8":1,"9":1,"10":1,"11":1,"13":1,"14":1,"15":1,"17":1,"18":1,"19":1,"20":1,"21":1,"22":1,"23":1,"24":1,"25":1,"26":1,"27":1,"29":1,"30":1,"31":1,"32":1,"33":1},"branchMap":{"0":{"type":"branch","line":4,"loc":{"start":{"line":4,"column":7},"end":{"line":7,"column":1}},"locations":[{"start":{"line":4,"column":7},"end":{"line":7,"column":1}}]},"1":{"type":"branch","line":9,"loc":{"start":{"line":9,"column":0},"end":{"line":12,"column":1}},"locations":[{"start":{"line":9,"column":0},"end":{"line":12,"column":1}}]},"2":{"type":"branch","line":14,"loc":{"start":{"line":14,"column":0},"end":{"line":16,"column":1}},"locations":[{"start":{"line":14,"column":0},"end":{"line":16,"column":1}}]},"3":{"type":"branch","line":18,"loc":{"start":{"line":18,"column":0},"end":{"line":28,"column":1}},"locations":[{"start":{"line":18,"column":0},"end":{"line":28,"column":1}}]},"4":{"type":"branch","line":19,"loc":{"start":{"line":19,"column":29},"end":{"line":19,"column":40}},"locations":[{"start":{"line":19,"column":29},"end":{"line":19,"column":40}}]},"5":{"type":"branch","line":25,"loc":{"start":{"line":25,"column":13},"end":{"line":25,"column":24}},"locations":[{"start":{"line":25,"column":13},"end":{"line":25,"column":24}}]},"6":{"type":"branch","line":26,"loc":{"start":{"line":26,"column":23},"end":{"line":26,"column":42}},"locations":[{"start":{"line":26,"column":23},"end":{"line":26,"column":42}}]},"7":{"type":"branch","line":30,"loc":{"start":{"line":30,"column":0},"end":{"line":34,"column":1}},"locations":[{"start":{"line":30,"column":0},"end":{"line":34,"column":1}}]},"8":{"type":"branch","line":33,"loc":{"start":{"line":33,"column":2},"end":{"line":33,"column":32}},"locations":[{"start":{"line":33,"column":2},"end":{"line":33,"column":32}}]}},"b":{"0":[1],"1":[1],"2":[1],"3":[1],"4":[0],"5":[0],"6":[0],"7":[1],"8":[0]},"fnMap":{"0":{"name":"onAuthChange","decl":{"start":{"line":4,"column":7},"end":{"line":7,"column":1}},"loc":{"start":{"line":4,"column":7},"end":{"line":7,"column":1}},"line":4},"1":{"name":"getSession","decl":{"start":{"line":9,"column":0},"end":{"line":12,"column":1}},"loc":{"start":{"line":9,"column":0},"end":{"line":12,"column":1}},"line":9},"2":{"name":"signOut","decl":{"start":{"line":14,"column":0},"end":{"line":16,"column":1}},"loc":{"start":{"line":14,"column":0},"end":{"line":16,"column":1}},"line":14},"3":{"name":"getUser","decl":{"start":{"line":18,"column":0},"end":{"line":28,"column":1}},"loc":{"start":{"line":18,"column":0},"end":{"line":28,"column":1}},"line":18},"4":{"name":"activateUser","decl":{"start":{"line":30,"column":0},"end":{"line":34,"column":1}},"loc":{"start":{"line":30,"column":0},"end":{"line":34,"column":1}},"line":30}},"f":{"0":1,"1":1,"2":1,"3":1,"4":1}}
,"/home/martins/projects/martinsjavacode/finn/src/services/categories.ts": {"path":"/home/martins/projects/martinsjavacode/finn/src/services/categories.ts","all":false,"statementMap":{"0":{"start":{"line":1,"column":0},"end":{"line":1,"column":42}},"3":{"start":{"line":4,"column":0},"end":{"line":4,"column":41}},"4":{"start":{"line":5,"column":0},"end":{"line":5,"column":86}},"5":{"start":{"line":6,"column":0},"end":{"line":6,"column":52}},"6":{"start":{"line":7,"column":0},"end":{"line":7,"column":1}},"8":{"start":{"line":9,"column":0},"end":{"line":9,"column":42}},"9":{"start":{"line":10,"column":0},"end":{"line":10,"column":170}},"10":{"start":{"line":11,"column":0},"end":{"line":11,"column":56}},"11":{"start":{"line":12,"column":0},"end":{"line":12,"column":1}},"13":{"start":{"line":14,"column":0},"end":{"line":14,"column":56}},"14":{"start":{"line":15,"column":0},"end":{"line":15,"column":68}},"15":{"start":{"line":16,"column":0},"end":{"line":16,"column":50}},"16":{"start":{"line":17,"column":0},"end":{"line":17,"column":33}},"17":{"start":{"line":18,"column":0},"end":{"line":18,"column":87}},"18":{"start":{"line":19,"column":0},"end":{"line":19,"column":1}}},"s":{"0":1,"3":1,"4":1,"5":1,"6":1,"8":1,"9":1,"10":1,"11":1,"13":1,"14":1,"15":1,"16":1,"17":1,"18":1},"branchMap":{"0":{"type":"branch","line":4,"loc":{"start":{"line":4,"column":0},"end":{"line":7,"column":1}},"locations":[{"start":{"line":4,"column":0},"end":{"line":7,"column":1}}]},"1":{"type":"branch","line":6,"loc":{"start":{"line":6,"column":18},"end":{"line":6,"column":45}},"locations":[{"start":{"line":6,"column":18},"end":{"line":6,"column":45}}]},"2":{"type":"branch","line":9,"loc":{"start":{"line":9,"column":0},"end":{"line":12,"column":1}},"locations":[{"start":{"line":9,"column":0},"end":{"line":12,"column":1}}]},"3":{"type":"branch","line":11,"loc":{"start":{"line":11,"column":18},"end":{"line":11,"column":49}},"locations":[{"start":{"line":11,"column":18},"end":{"line":11,"column":49}}]},"4":{"type":"branch","line":14,"loc":{"start":{"line":14,"column":0},"end":{"line":19,"column":1}},"locations":[{"start":{"line":14,"column":0},"end":{"line":19,"column":1}}]},"5":{"type":"branch","line":18,"loc":{"start":{"line":18,"column":18},"end":{"line":18,"column":80}},"locations":[{"start":{"line":18,"column":18},"end":{"line":18,"column":80}}]}},"b":{"0":[1],"1":[0],"2":[1],"3":[0],"4":[1],"5":[0]},"fnMap":{"0":{"name":"fetchCategories","decl":{"start":{"line":4,"column":0},"end":{"line":7,"column":1}},"loc":{"start":{"line":4,"column":0},"end":{"line":7,"column":1}},"line":4},"1":{"name":"fetchActiveCards","decl":{"start":{"line":9,"column":0},"end":{"line":12,"column":1}},"loc":{"start":{"line":9,"column":0},"end":{"line":12,"column":1}},"line":9},"2":{"name":"fetchBudgets","decl":{"start":{"line":14,"column":0},"end":{"line":19,"column":1}},"loc":{"start":{"line":14,"column":0},"end":{"line":19,"column":1}},"line":14}},"f":{"0":1,"1":1,"2":1}}
,"/home/martins/projects/martinsjavacode/finn/src/services/recurring.ts": {"path":"/home/martins/projects/martinsjavacode/finn/src/services/recurring.ts","all":false,"statementMap":{"0":{"start":{"line":1,"column":0},"end":{"line":1,"column":42}},"2":{"start":{"line":3,"column":0},"end":{"line":3,"column":81}},"3":{"start":{"line":4,"column":0},"end":{"line":4,"column":124}},"4":{"start":{"line":5,"column":0},"end":{"line":5,"column":18}},"5":{"start":{"line":6,"column":0},"end":{"line":6,"column":1}}},"s":{"0":1,"2":2,"3":2,"4":2,"5":2},"branchMap":{"0":{"type":"branch","line":3,"loc":{"start":{"line":3,"column":0},"end":{"line":6,"column":1}},"locations":[{"start":{"line":3,"column":0},"end":{"line":6,"column":1}}]}},"b":{"0":[2]},"fnMap":{"0":{"name":"generateRecurring","decl":{"start":{"line":3,"column":0},"end":{"line":6,"column":1}},"loc":{"start":{"line":3,"column":0},"end":{"line":6,"column":1}},"line":3}},"f":{"0":2}}
,"/home/martins/projects/martinsjavacode/finn/src/services/transactions.ts": {"path":"/home/martins/projects/martinsjavacode/finn/src/services/transactions.ts","all":false,"statementMap":{"0":{"start":{"line":1,"column":0},"end":{"line":1,"column":42}},"3":{"start":{"line":4,"column":0},"end":{"line":4,"column":44}},"8":{"start":{"line":9,"column":0},"end":{"line":9,"column":73}},"9":{"start":{"line":10,"column":0},"end":{"line":10,"column":39}},"10":{"start":{"line":11,"column":0},"end":{"line":11,"column":18}},"11":{"start":{"line":12,"column":0},"end":{"line":12,"column":20}},"12":{"start":{"line":13,"column":0},"end":{"line":13,"column":31}},"13":{"start":{"line":14,"column":0},"end":{"line":14,"column":41}},"14":{"start":{"line":15,"column":0},"end":{"line":15,"column":24}},"15":{"start":{"line":16,"column":0},"end":{"line":16,"column":21}},"16":{"start":{"line":17,"column":0},"end":{"line":17,"column":50}},"17":{"start":{"line":18,"column":0},"end":{"line":18,"column":83}},"18":{"start":{"line":19,"column":0},"end":{"line":19,"column":55}},"19":{"start":{"line":20,"column":0},"end":{"line":20,"column":1}},"21":{"start":{"line":22,"column":0},"end":{"line":22,"column":72}},"22":{"start":{"line":23,"column":0},"end":{"line":23,"column":39}},"23":{"start":{"line":24,"column":0},"end":{"line":24,"column":18}},"24":{"start":{"line":25,"column":0},"end":{"line":25,"column":20}},"25":{"start":{"line":26,"column":0},"end":{"line":26,"column":31}},"26":{"start":{"line":27,"column":0},"end":{"line":27,"column":40}},"27":{"start":{"line":28,"column":0},"end":{"line":28,"column":24}},"28":{"start":{"line":29,"column":0},"end":{"line":29,"column":21}},"29":{"start":{"line":30,"column":0},"end":{"line":30,"column":50}},"30":{"start":{"line":31,"column":0},"end":{"line":31,"column":68}},"31":{"start":{"line":32,"column":0},"end":{"line":32,"column":54}},"32":{"start":{"line":33,"column":0},"end":{"line":33,"column":1}},"34":{"start":{"line":35,"column":0},"end":{"line":35,"column":64}},"35":{"start":{"line":36,"column":0},"end":{"line":36,"column":87}},"36":{"start":{"line":37,"column":0},"end":{"line":37,"column":50}},"37":{"start":{"line":38,"column":0},"end":{"line":38,"column":26}},"38":{"start":{"line":39,"column":0},"end":{"line":39,"column":76}},"39":{"start":{"line":40,"column":0},"end":{"line":40,"column":1}},"41":{"start":{"line":42,"column":0},"end":{"line":42,"column":81}},"43":{"start":{"line":44,"column":0},"end":{"line":44,"column":69}},"44":{"start":{"line":45,"column":0},"end":{"line":45,"column":92}},"45":{"start":{"line":46,"column":0},"end":{"line":46,"column":18}},"46":{"start":{"line":47,"column":0},"end":{"line":47,"column":1}},"48":{"start":{"line":49,"column":0},"end":{"line":49,"column":53}},"49":{"start":{"line":50,"column":0},"end":{"line":50,"column":72}},"50":{"start":{"line":51,"column":0},"end":{"line":51,"column":18}},"51":{"start":{"line":52,"column":0},"end":{"line":52,"column":1}},"53":{"start":{"line":54,"column":0},"end":{"line":54,"column":46}},"55":{"start":{"line":56,"column":0},"end":{"line":56,"column":4}},"56":{"start":{"line":57,"column":0},"end":{"line":57,"column":102}},"57":{"start":{"line":58,"column":0},"end":{"line":58,"column":65}},"58":{"start":{"line":59,"column":0},"end":{"line":59,"column":18}},"59":{"start":{"line":60,"column":0},"end":{"line":60,"column":1}},"61":{"start":{"line":62,"column":0},"end":{"line":62,"column":45}},"63":{"start":{"line":64,"column":0},"end":{"line":64,"column":4}},"64":{"start":{"line":65,"column":0},"end":{"line":65,"column":101}},"65":{"start":{"line":66,"column":0},"end":{"line":66,"column":65}},"66":{"start":{"line":67,"column":0},"end":{"line":67,"column":18}},"67":{"start":{"line":68,"column":0},"end":{"line":68,"column":1}},"69":{"start":{"line":70,"column":0},"end":{"line":70,"column":79}},"70":{"start":{"line":71,"column":0},"end":{"line":71,"column":94}},"71":{"start":{"line":72,"column":0},"end":{"line":72,"column":18}},"72":{"start":{"line":73,"column":0},"end":{"line":73,"column":1}},"74":{"start":{"line":75,"column":0},"end":{"line":75,"column":64}},"75":{"start":{"line":76,"column":0},"end":{"line":76,"column":79}},"76":{"start":{"line":77,"column":0},"end":{"line":77,"column":50}},"77":{"start":{"line":78,"column":0},"end":{"line":78,"column":33}},"78":{"start":{"line":79,"column":0},"end":{"line":79,"column":91}},"79":{"start":{"line":80,"column":0},"end":{"line":80,"column":1}},"81":{"start":{"line":82,"column":0},"end":{"line":82,"column":69}},"82":{"start":{"line":83,"column":0},"end":{"line":83,"column":130}},"83":{"start":{"line":84,"column":0},"end":{"line":84,"column":31}},"84":{"start":{"line":85,"column":0},"end":{"line":85,"column":1}},"86":{"start":{"line":87,"column":0},"end":{"line":87,"column":109}},"87":{"start":{"line":88,"column":0},"end":{"line":88,"column":64}},"88":{"start":{"line":89,"column":0},"end":{"line":89,"column":83}},"89":{"start":{"line":90,"column":0},"end":{"line":90,"column":43}},"90":{"start":{"line":91,"column":0},"end":{"line":91,"column":3}},"91":{"start":{"line":92,"column":0},"end":{"line":92,"column":18}},"92":{"start":{"line":93,"column":0},"end":{"line":93,"column":1}}},"s":{"0":1,"3":1,"8":2,"9":2,"10":2,"11":2,"12":2,"13":2,"14":2,"15":2,"16":2,"17":2,"18":2,"19":2,"21":1,"22":1,"23":1,"24":1,"25":1,"26":1,"27":1,"28":1,"29":1,"30":1,"31":1,"32":1,"34":1,"35":1,"36":1,"37":1,"38":1,"39":1,"41":1,"43":1,"44":1,"45":1,"46":1,"48":1,"49":1,"50":1,"51":1,"53":1,"55":1,"56":1,"57":1,"58":1,"59":1,"61":1,"63":1,"64":1,"65":1,"66":1,"67":1,"69":1,"70":1,"71":1,"72":1,"74":1,"75":1,"76":1,"77":1,"78":1,"79":1,"81":0,"82":0,"83":0,"84":0,"86":1,"87":1,"88":1,"89":1,"90":1,"91":1,"92":1},"branchMap":{"0":{"type":"branch","line":9,"loc":{"start":{"line":9,"column":0},"end":{"line":20,"column":1}},"locations":[{"start":{"line":9,"column":0},"end":{"line":20,"column":1}}]},"1":{"type":"branch","line":17,"loc":{"start":{"line":17,"column":17},"end":{"line":17,"column":50}},"locations":[{"start":{"line":17,"column":17},"end":{"line":17,"column":50}}]},"2":{"type":"branch","line":19,"loc":{"start":{"line":19,"column":18},"end":{"line":19,"column":48}},"locations":[{"start":{"line":19,"column":18},"end":{"line":19,"column":48}}]},"3":{"type":"branch","line":22,"loc":{"start":{"line":22,"column":0},"end":{"line":33,"column":1}},"locations":[{"start":{"line":22,"column":0},"end":{"line":33,"column":1}}]},"4":{"type":"branch","line":30,"loc":{"start":{"line":30,"column":17},"end":{"line":30,"column":50}},"locations":[{"start":{"line":30,"column":17},"end":{"line":30,"column":50}}]},"5":{"type":"branch","line":32,"loc":{"start":{"line":32,"column":18},"end":{"line":32,"column":47}},"locations":[{"start":{"line":32,"column":18},"end":{"line":32,"column":47}}]},"6":{"type":"branch","line":35,"loc":{"start":{"line":35,"column":0},"end":{"line":40,"column":1}},"locations":[{"start":{"line":35,"column":0},"end":{"line":40,"column":1}}]},"7":{"type":"branch","line":37,"loc":{"start":{"line":37,"column":17},"end":{"line":37,"column":50}},"locations":[{"start":{"line":37,"column":17},"end":{"line":37,"column":50}}]},"8":{"type":"branch","line":39,"loc":{"start":{"line":39,"column":22},"end":{"line":39,"column":34}},"locations":[{"start":{"line":39,"column":22},"end":{"line":39,"column":34}}]},"9":{"type":"branch","line":39,"loc":{"start":{"line":39,"column":38},"end":{"line":39,"column":66}},"locations":[{"start":{"line":39,"column":38},"end":{"line":39,"column":66}}]},"10":{"type":"branch","line":42,"loc":{"start":{"line":42,"column":0},"end":{"line":47,"column":1}},"locations":[{"start":{"line":42,"column":0},"end":{"line":47,"column":1}}]},"11":{"type":"branch","line":49,"loc":{"start":{"line":49,"column":0},"end":{"line":52,"column":1}},"locations":[{"start":{"line":49,"column":0},"end":{"line":52,"column":1}}]},"12":{"type":"branch","line":54,"loc":{"start":{"line":54,"column":0},"end":{"line":60,"column":1}},"locations":[{"start":{"line":54,"column":0},"end":{"line":60,"column":1}}]},"13":{"type":"branch","line":62,"loc":{"start":{"line":62,"column":0},"end":{"line":68,"column":1}},"locations":[{"start":{"line":62,"column":0},"end":{"line":68,"column":1}}]},"14":{"type":"branch","line":70,"loc":{"start":{"line":70,"column":0},"end":{"line":73,"column":1}},"locations":[{"start":{"line":70,"column":0},"end":{"line":73,"column":1}}]},"15":{"type":"branch","line":75,"loc":{"start":{"line":75,"column":0},"end":{"line":80,"column":1}},"locations":[{"start":{"line":75,"column":0},"end":{"line":80,"column":1}}]},"16":{"type":"branch","line":79,"loc":{"start":{"line":79,"column":18},"end":{"line":79,"column":84}},"locations":[{"start":{"line":79,"column":18},"end":{"line":79,"column":84}}]},"17":{"type":"branch","line":87,"loc":{"start":{"line":87,"column":0},"end":{"line":93,"column":1}},"locations":[{"start":{"line":87,"column":0},"end":{"line":93,"column":1}}]}},"b":{"0":[2],"1":[0],"2":[1],"3":[1],"4":[0],"5":[0],"6":[1],"7":[0],"8":[0],"9":[3],"10":[1],"11":[1],"12":[1],"13":[1],"14":[1],"15":[1],"16":[0],"17":[1]},"fnMap":{"0":{"name":"fetchTransactions","decl":{"start":{"line":9,"column":0},"end":{"line":20,"column":1}},"loc":{"start":{"line":9,"column":0},"end":{"line":20,"column":1}},"line":9},"1":{"name":"fetchCreditCards","decl":{"start":{"line":22,"column":0},"end":{"line":33,"column":1}},"loc":{"start":{"line":22,"column":0},"end":{"line":33,"column":1}},"line":22},"2":{"name":"fetchAvailableMonths","decl":{"start":{"line":35,"column":0},"end":{"line":40,"column":1}},"loc":{"start":{"line":35,"column":0},"end":{"line":40,"column":1}},"line":35},"3":{"name":"updateTransaction","decl":{"start":{"line":42,"column":0},"end":{"line":47,"column":1}},"loc":{"start":{"line":42,"column":0},"end":{"line":47,"column":1}},"line":42},"4":{"name":"deleteTransaction","decl":{"start":{"line":49,"column":0},"end":{"line":52,"column":1}},"loc":{"start":{"line":49,"column":0},"end":{"line":52,"column":1}},"line":49},"5":{"name":"insertTransaction","decl":{"start":{"line":54,"column":0},"end":{"line":60,"column":1}},"loc":{"start":{"line":54,"column":0},"end":{"line":60,"column":1}},"line":54},"6":{"name":"insertCreditCard","decl":{"start":{"line":62,"column":0},"end":{"line":68,"column":1}},"loc":{"start":{"line":62,"column":0},"end":{"line":68,"column":1}},"line":62},"7":{"name":"toggleTransactionPaid","decl":{"start":{"line":70,"column":0},"end":{"line":73,"column":1}},"loc":{"start":{"line":70,"column":0},"end":{"line":73,"column":1}},"line":70},"8":{"name":"fetchAllTransactions","decl":{"start":{"line":75,"column":0},"end":{"line":80,"column":1}},"loc":{"start":{"line":75,"column":0},"end":{"line":80,"column":1}},"line":75},"9":{"name":"fetchCardInvoice","decl":{"start":{"line":82,"column":0},"end":{"line":85,"column":1}},"loc":{"start":{"line":82,"column":0},"end":{"line":85,"column":1}},"line":82},"10":{"name":"upsertCardInvoice","decl":{"start":{"line":87,"column":0},"end":{"line":93,"column":1}},"loc":{"start":{"line":87,"column":0},"end":{"line":93,"column":1}},"line":87}},"f":{"0":2,"1":1,"2":1,"3":1,"4":1,"5":1,"6":1,"7":1,"8":1,"9":0,"10":1}}
,"/home/martins/projects/martinsjavacode/finn/src/utils/format.ts": {"path":"/home/martins/projects/martinsjavacode/finn/src/utils/format.ts","all":false,"statementMap":{"3":{"start":{"line":4,"column":0},"end":{"line":4,"column":33}},"4":{"start":{"line":5,"column":0},"end":{"line":5,"column":67}},"6":{"start":{"line":7,"column":0},"end":{"line":7,"column":39}},"7":{"start":{"line":8,"column":0},"end":{"line":8,"column":24}},"8":{"start":{"line":9,"column":0},"end":{"line":9,"column":78}},"9":{"start":{"line":10,"column":0},"end":{"line":10,"column":1}},"11":{"start":{"line":12,"column":0},"end":{"line":12,"column":43}},"12":{"start":{"line":13,"column":0},"end":{"line":13,"column":26}},"13":{"start":{"line":14,"column":0},"end":{"line":14,"column":42}},"14":{"start":{"line":15,"column":0},"end":{"line":15,"column":87}},"15":{"start":{"line":16,"column":0},"end":{"line":16,"column":23}},"16":{"start":{"line":17,"column":0},"end":{"line":17,"column":1}},"18":{"start":{"line":19,"column":0},"end":{"line":19,"column":59}},"20":{"start":{"line":21,"column":0},"end":{"line":21,"column":41}},"21":{"start":{"line":22,"column":0},"end":{"line":22,"column":95}},"23":{"start":{"line":24,"column":0},"end":{"line":24,"column":46}},"24":{"start":{"line":25,"column":0},"end":{"line":25,"column":79}},"26":{"start":{"line":27,"column":0},"end":{"line":27,"column":99}},"27":{"start":{"line":28,"column":0},"end":{"line":28,"column":41}},"28":{"start":{"line":29,"column":0},"end":{"line":29,"column":51}},"29":{"start":{"line":30,"column":0},"end":{"line":30,"column":52}},"31":{"start":{"line":32,"column":0},"end":{"line":32,"column":68}},"32":{"start":{"line":33,"column":0},"end":{"line":33,"column":34}},"33":{"start":{"line":34,"column":0},"end":{"line":34,"column":5}},"34":{"start":{"line":35,"column":0},"end":{"line":35,"column":36}},"35":{"start":{"line":36,"column":0},"end":{"line":36,"column":3}},"36":{"start":{"line":37,"column":0},"end":{"line":37,"column":25}},"37":{"start":{"line":38,"column":0},"end":{"line":38,"column":1}},"39":{"start":{"line":40,"column":0},"end":{"line":40,"column":80}},"40":{"start":{"line":41,"column":0},"end":{"line":41,"column":56}},"41":{"start":{"line":42,"column":0},"end":{"line":42,"column":42}},"42":{"start":{"line":43,"column":0},"end":{"line":43,"column":1}},"44":{"start":{"line":45,"column":0},"end":{"line":45,"column":87}},"45":{"start":{"line":46,"column":0},"end":{"line":46,"column":51}},"46":{"start":{"line":47,"column":0},"end":{"line":47,"column":28}},"47":{"start":{"line":48,"column":0},"end":{"line":48,"column":33}},"48":{"start":{"line":49,"column":0},"end":{"line":49,"column":46}},"49":{"start":{"line":50,"column":0},"end":{"line":50,"column":89}},"51":{"start":{"line":52,"column":0},"end":{"line":52,"column":25}},"52":{"start":{"line":53,"column":0},"end":{"line":53,"column":44}},"53":{"start":{"line":54,"column":0},"end":{"line":54,"column":42}},"54":{"start":{"line":55,"column":0},"end":{"line":55,"column":47}},"55":{"start":{"line":56,"column":0},"end":{"line":56,"column":3}},"56":{"start":{"line":57,"column":0},"end":{"line":57,"column":52}},"57":{"start":{"line":58,"column":0},"end":{"line":58,"column":1}},"59":{"start":{"line":60,"column":0},"end":{"line":60,"column":107}},"60":{"start":{"line":61,"column":0},"end":{"line":61,"column":54}},"61":{"start":{"line":62,"column":0},"end":{"line":62,"column":55}},"62":{"start":{"line":63,"column":0},"end":{"line":63,"column":28}},"63":{"start":{"line":64,"column":0},"end":{"line":64,"column":48}},"64":{"start":{"line":65,"column":0},"end":{"line":65,"column":67}},"65":{"start":{"line":66,"column":0},"end":{"line":66,"column":70}},"66":{"start":{"line":67,"column":0},"end":{"line":67,"column":5}},"67":{"start":{"line":68,"column":0},"end":{"line":68,"column":3}},"68":{"start":{"line":69,"column":0},"end":{"line":69,"column":15}},"69":{"start":{"line":70,"column":0},"end":{"line":70,"column":1}}},"s":{"3":1,"4":15,"6":1,"7":5,"8":5,"9":5,"11":1,"12":5,"13":5,"14":5,"15":5,"16":5,"18":1,"20":1,"21":1,"23":1,"24":1,"26":1,"27":5,"28":1,"29":1,"31":0,"32":0,"33":0,"34":1,"35":1,"36":4,"37":4,"39":3,"40":3,"41":3,"42":3,"44":1,"45":3,"46":3,"47":3,"48":3,"49":3,"51":3,"52":2,"53":2,"54":2,"55":2,"56":1,"57":1,"59":1,"60":1,"61":1,"62":1,"63":2,"64":2,"65":1,"66":1,"67":2,"68":1,"69":1},"branchMap":{"0":{"type":"branch","line":4,"loc":{"start":{"line":4,"column":19},"end":{"line":5,"column":67}},"locations":[{"start":{"line":4,"column":19},"end":{"line":5,"column":67}}]},"1":{"type":"branch","line":7,"loc":{"start":{"line":7,"column":32},"end":{"line":10,"column":1}},"locations":[{"start":{"line":7,"column":32},"end":{"line":10,"column":1}}]},"2":{"type":"branch","line":12,"loc":{"start":{"line":12,"column":26},"end":{"line":17,"column":1}},"locations":[{"start":{"line":12,"column":26},"end":{"line":17,"column":1}}]},"3":{"type":"branch","line":15,"loc":{"start":{"line":15,"column":20},"end":{"line":15,"column":44}},"locations":[{"start":{"line":15,"column":20},"end":{"line":15,"column":44}}]},"4":{"type":"branch","line":15,"loc":{"start":{"line":15,"column":33},"end":{"line":15,"column":87}},"locations":[{"start":{"line":15,"column":33},"end":{"line":15,"column":87}}]},"5":{"type":"branch","line":19,"loc":{"start":{"line":19,"column":27},"end":{"line":19,"column":59}},"locations":[{"start":{"line":19,"column":27},"end":{"line":19,"column":59}}]},"6":{"type":"branch","line":21,"loc":{"start":{"line":21,"column":26},"end":{"line":22,"column":95}},"locations":[{"start":{"line":21,"column":26},"end":{"line":22,"column":95}}]},"7":{"type":"branch","line":24,"loc":{"start":{"line":24,"column":31},"end":{"line":25,"column":79}},"locations":[{"start":{"line":24,"column":31},"end":{"line":25,"column":79}}]},"8":{"type":"branch","line":27,"loc":{"start":{"line":27,"column":7},"end":{"line":38,"column":1}},"locations":[{"start":{"line":27,"column":7},"end":{"line":38,"column":1}}]},"9":{"type":"branch","line":28,"loc":{"start":{"line":28,"column":40},"end":{"line":36,"column":3}},"locations":[{"start":{"line":28,"column":40},"end":{"line":36,"column":3}}]},"10":{"type":"branch","line":30,"loc":{"start":{"line":30,"column":15},"end":{"line":30,"column":36}},"locations":[{"start":{"line":30,"column":15},"end":{"line":30,"column":36}}]},"11":{"type":"branch","line":30,"loc":{"start":{"line":30,"column":28},"end":{"line":30,"column":51}},"locations":[{"start":{"line":30,"column":28},"end":{"line":30,"column":51}}]},"12":{"type":"branch","line":30,"loc":{"start":{"line":30,"column":51},"end":{"line":34,"column":5}},"locations":[{"start":{"line":30,"column":51},"end":{"line":34,"column":5}}]},"13":{"type":"branch","line":35,"loc":{"start":{"line":35,"column":18},"end":{"line":35,"column":33}},"locations":[{"start":{"line":35,"column":18},"end":{"line":35,"column":33}}]},"14":{"type":"branch","line":36,"loc":{"start":{"line":36,"column":2},"end":{"line":38,"column":1}},"locations":[{"start":{"line":36,"column":2},"end":{"line":38,"column":1}}]},"15":{"type":"branch","line":40,"loc":{"start":{"line":40,"column":0},"end":{"line":43,"column":1}},"locations":[{"start":{"line":40,"column":0},"end":{"line":43,"column":1}}]},"16":{"type":"branch","line":45,"loc":{"start":{"line":45,"column":7},"end":{"line":58,"column":1}},"locations":[{"start":{"line":45,"column":7},"end":{"line":58,"column":1}}]},"17":{"type":"branch","line":52,"loc":{"start":{"line":52,"column":24},"end":{"line":56,"column":3}},"locations":[{"start":{"line":52,"column":24},"end":{"line":56,"column":3}}]},"18":{"type":"branch","line":53,"loc":{"start":{"line":53,"column":24},"end":{"line":53,"column":40}},"locations":[{"start":{"line":53,"column":24},"end":{"line":53,"column":40}}]},"19":{"type":"branch","line":53,"loc":{"start":{"line":53,"column":36},"end":{"line":53,"column":44}},"locations":[{"start":{"line":53,"column":36},"end":{"line":53,"column":44}}]},"20":{"type":"branch","line":54,"loc":{"start":{"line":54,"column":24},"end":{"line":54,"column":33}},"locations":[{"start":{"line":54,"column":24},"end":{"line":54,"column":33}}]},"21":{"type":"branch","line":54,"loc":{"start":{"line":54,"column":29},"end":{"line":54,"column":42}},"locations":[{"start":{"line":54,"column":29},"end":{"line":54,"column":42}}]},"22":{"type":"branch","line":56,"loc":{"start":{"line":56,"column":2},"end":{"line":58,"column":1}},"locations":[{"start":{"line":56,"column":2},"end":{"line":58,"column":1}}]},"23":{"type":"branch","line":60,"loc":{"start":{"line":60,"column":31},"end":{"line":70,"column":1}},"locations":[{"start":{"line":60,"column":31},"end":{"line":70,"column":1}}]},"24":{"type":"branch","line":63,"loc":{"start":{"line":63,"column":27},"end":{"line":68,"column":3}},"locations":[{"start":{"line":63,"column":27},"end":{"line":68,"column":3}}]},"25":{"type":"branch","line":65,"loc":{"start":{"line":65,"column":66},"end":{"line":67,"column":5}},"locations":[{"start":{"line":65,"column":66},"end":{"line":67,"column":5}}]},"26":{"type":"branch","line":61,"loc":{"start":{"line":61,"column":36},"end":{"line":61,"column":53}},"locations":[{"start":{"line":61,"column":36},"end":{"line":61,"column":53}}]},"27":{"type":"branch","line":65,"loc":{"start":{"line":65,"column":38},"end":{"line":65,"column":63}},"locations":[{"start":{"line":65,"column":38},"end":{"line":65,"column":63}}]}},"b":{"0":[15],"1":[5],"2":[5],"3":[2],"4":[3],"5":[2],"6":[1],"7":[1],"8":[5],"9":[1],"10":[0],"11":[0],"12":[0],"13":[0],"14":[4],"15":[3],"16":[3],"17":[2],"18":[1],"19":[1],"20":[1],"21":[1],"22":[1],"23":[1],"24":[2],"25":[1],"26":[3],"27":[6]},"fnMap":{"0":{"name":"fmt","decl":{"start":{"line":4,"column":19},"end":{"line":5,"column":67}},"loc":{"start":{"line":4,"column":19},"end":{"line":5,"column":67}},"line":4},"1":{"name":"currentYearMonth","decl":{"start":{"line":7,"column":32},"end":{"line":10,"column":1}},"loc":{"start":{"line":7,"column":32},"end":{"line":10,"column":1}},"line":7},"2":{"name":"monthRange","decl":{"start":{"line":12,"column":26},"end":{"line":17,"column":1}},"loc":{"start":{"line":12,"column":26},"end":{"line":17,"column":1}},"line":12},"3":{"name":"toYearMonth","decl":{"start":{"line":19,"column":27},"end":{"line":19,"column":59}},"loc":{"start":{"line":19,"column":27},"end":{"line":19,"column":59}},"line":19},"4":{"name":"monthLabel","decl":{"start":{"line":21,"column":26},"end":{"line":22,"column":95}},"loc":{"start":{"line":21,"column":26},"end":{"line":22,"column":95}},"line":21},"5":{"name":"monthLabelShort","decl":{"start":{"line":24,"column":31},"end":{"line":25,"column":79}},"loc":{"start":{"line":24,"column":31},"end":{"line":25,"column":79}},"line":24},"6":{"name":"getEffectiveClosingDay","decl":{"start":{"line":27,"column":7},"end":{"line":38,"column":1}},"loc":{"start":{"line":27,"column":7},"end":{"line":38,"column":1}},"line":27},"7":{"name":"clampToMonth","decl":{"start":{"line":40,"column":0},"end":{"line":43,"column":1}},"loc":{"start":{"line":40,"column":0},"end":{"line":43,"column":1}},"line":40},"8":{"name":"resolveInvoiceMonth","decl":{"start":{"line":45,"column":7},"end":{"line":58,"column":1}},"loc":{"start":{"line":45,"column":7},"end":{"line":58,"column":1}},"line":45},"9":{"name":"categoryOptions","decl":{"start":{"line":60,"column":31},"end":{"line":70,"column":1}},"loc":{"start":{"line":60,"column":31},"end":{"line":70,"column":1}},"line":60}},"f":{"0":15,"1":5,"2":5,"3":2,"4":1,"5":1,"6":5,"7":3,"8":3,"9":1}}
}
